[2015.10.02-00.46.13:281][  0]Log file open, 10/01/15 19:46:13
[2015.10.02-00.46.13:281][  0]LogInit:Display: Running engine for game: MyProject
[2015.10.02-00.46.13:281][  0]LogInit:Display: RandInit(483005967) SRandInit(483005968).
[2015.10.02-00.46.13:281][  0]LogTaskGraph: Started task graph with 4 named threads and 7 total threads.
[2015.10.02-00.46.13:281][  0]LogStats: Stats thread started at 0.593462
[2015.10.02-00.46.13:281][  0]LogInit: Version: 4.9.0-2672455+++depot+UE4-Releases+4.9
[2015.10.02-00.46.13:281][  0]LogInit: API Version: 2672455
[2015.10.02-00.46.13:281][  0]LogInit: Compiled (64-bit): Aug 28 2015 12:33:01
[2015.10.02-00.46.13:281][  0]LogInit: Compiled with Visual C++: 18.00.21005.01
[2015.10.02-00.46.13:281][  0]LogInit: Build Configuration: Development
[2015.10.02-00.46.13:281][  0]LogInit: Branch Name: ++depot+UE4-Releases+4.9
[2015.10.02-00.46.13:281][  0]LogInit: Command line:  
[2015.10.02-00.46.13:281][  0]LogInit: Base directory: C:/Program Files/Epic Games/4.9/Engine/Binaries/Win64/
[2015.10.02-00.46.13:281][  0]LogInit: Rocket: 1
[2015.10.02-00.46.13:347][  0]LogInit: Using libcurl 7.41.0
[2015.10.02-00.46.13:347][  0]LogInit:  - built for x86_64-pc-win32
[2015.10.02-00.46.13:347][  0]LogInit:  - supports SSL with WinSSL
[2015.10.02-00.46.13:347][  0]LogInit:  - other features:
[2015.10.02-00.46.13:347][  0]LogInit:      CURL_VERSION_SSL
[2015.10.02-00.46.13:347][  0]LogInit:      CURL_VERSION_IPV6
[2015.10.02-00.46.13:347][  0]LogInit:      CURL_VERSION_ASYNCHDNS
[2015.10.02-00.46.13:347][  0]LogInit:      CURL_VERSION_LARGEFILE
[2015.10.02-00.46.13:347][  0]LogInit:      CURL_VERSION_IDN
[2015.10.02-00.46.13:347][  0]LogInit:  CurlRequestOptions (configurable via config and command line):
[2015.10.02-00.46.13:347][  0]LogInit:  - bVerifyPeer = true  - Libcurl will verify peer certificate
[2015.10.02-00.46.13:347][  0]LogInit:  - bUseHttpProxy = false  - Libcurl will NOT use HTTP proxy
[2015.10.02-00.46.13:347][  0]LogInit:  - bDontReuseConnections = false  - Libcurl will reuse connections
[2015.10.02-00.46.13:347][  0]LogInit:  - CertBundlePath = nullptr  - Libcurl will use whatever was configured at build time.
[2015.10.02-00.46.13:377][  0]LogInit: Presizing for 0 objects not considered by GC, pre-allocating 0 bytes.
[2015.10.02-00.46.13:401][  0]LogInit: Object subsystem initialized
[2015.10.02-00.46.13:420][  0]LogInit: Selected Device Profile: [Windows]
[2015.10.02-00.46.13:420][  0]LogInit: Applying CVar settings loaded from the selected device profile: [Windows]
[2015.10.02-00.46.13:488][  0]LogInit: Computer: ASUSENA
[2015.10.02-00.46.13:488][  0]LogInit: User: Nataly
[2015.10.02-00.46.13:489][  0]LogInit: CPU Page size=4096, Cores=4
[2015.10.02-00.46.13:489][  0]LogInit: High frequency timer resolution =2.338335 MHz
[2015.10.02-00.46.13:489][  0]LogMemory: Memory total: Physical=7.9GB (8GB approx)
[2015.10.02-00.46.13:489][  0]LogMemory: Platform Memory Stats for Windows
[2015.10.02-00.46.13:489][  0]LogMemory: Process Physical Memory: 54.54 MB used, 54.54 MB peak
[2015.10.02-00.46.13:489][  0]LogMemory: Process Virtual Memory: 57.52 MB used, 57.52 MB peak
[2015.10.02-00.46.13:489][  0]LogMemory: Physical Memory: 3835.30 MB used, 8109.48 MB total
[2015.10.02-00.46.13:489][  0]LogMemory: Virtual Memory: 352.84 MB used, 134217728.00 MB total
[2015.10.02-00.46.13:866][  0]LogTextLocalizationManager: No specific translations for ('es-MX') exist, so ('es') translations will be used.
[2015.10.02-00.46.15:492][  0]LogD3D11RHI: Found D3D11 adapter 0: NVIDIA GeForce GTX 770M (Feature Level 11_0)
[2015.10.02-00.46.15:492][  0]LogD3D11RHI: Adapter has 3008MB of dedicated video memory, 0MB of dedicated system memory, and 4054MB of shared system memory, 1 output[s]
[2015.10.02-00.46.15:497][  0]LogD3D11RHI: Found D3D11 adapter 1: Microsoft Basic Render Driver (Feature Level 11_0)
[2015.10.02-00.46.15:497][  0]LogD3D11RHI: Adapter has 0MB of dedicated video memory, 0MB of dedicated system memory, and 4054MB of shared system memory, 0 output[s]
[2015.10.02-00.46.15:498][  0]LogD3D11RHI: Chosen D3D11 Adapter Id = 0
[2015.10.02-00.46.15:514][  0]LogD3D11RHI: !Direct3DDevice
[2015.10.02-00.46.15:514][  0]LogRHI: Texture pool is 1361 MB (70% of 1945 MB)
[2015.10.02-00.46.15:564][  0]LogD3D11RHI: Async texture creation enabled
[2015.10.02-00.46.15:593][  0]LogShaderCompilers: Guid format shader working directory is 15 characters bigger than the processId version (../../../../../../Users/Nataly/Documents/Unreal Projects/MyProject/Intermediate/Shaders/WorkingDirectory/1880/).
[2015.10.02-00.46.15:594][  0]LogShaderCompilers: Cleaned the shader compiler working directory '../../../../../../Users/Nataly/Documents/Unreal Projects/MyProject/Intermediate/Shaders/tmp/391257BF4AA700A89797CB8565485F73/'.
[2015.10.02-00.46.15:594][  0]LogShaderCompilers:Display: Using Local Shader Compiler.
[2015.10.02-00.46.21:275][  0]LogTemp:Display: Loaded TP AllDesktopTargetPlatform
[2015.10.02-00.46.21:301][  0]LogTemp:Display: Loaded TP WindowsClientTargetPlatform
[2015.10.02-00.46.21:330][  0]LogTemp:Display: Loaded TP WindowsNoEditorTargetPlatform
[2015.10.02-00.46.21:363][  0]LogTemp:Display: Loaded TP WindowsServerTargetPlatform
[2015.10.02-00.46.21:392][  0]LogTemp:Display: Loaded TP WindowsTargetPlatform
[2015.10.02-00.46.21:417][  0]LogTemp:Display: Loaded TP AndroidTargetPlatform
[2015.10.02-00.46.21:441][  0]LogTemp:Display: Loaded TP Android_ASTCTargetPlatform
[2015.10.02-00.46.21:462][  0]LogTemp:Display: Loaded TP Android_ATCTargetPlatform
[2015.10.02-00.46.21:481][  0]LogTemp:Display: Loaded TP Android_DXTTargetPlatform
[2015.10.02-00.46.21:500][  0]LogTemp:Display: Loaded TP Android_ETC1TargetPlatform
[2015.10.02-00.46.21:522][  0]LogTemp:Display: Loaded TP Android_ETC2TargetPlatform
[2015.10.02-00.46.21:541][  0]LogTemp:Display: Loaded TP Android_PVRTCTargetPlatform
[2015.10.02-00.46.21:546][  0]LogTemp:Display: Loaded TP HTML5TargetPlatform
[2015.10.02-00.46.21:591][  0]LogTemp:Display: Loaded TP IOSTargetPlatform
[2015.10.02-00.46.21:616][  0]LogTemp:Display: Loaded TP LinuxNoEditorTargetPlatform
[2015.10.02-00.46.21:634][  0]LogTemp:Display: Loaded TP LinuxServerTargetPlatform
[2015.10.02-00.46.21:656][  0]LogTemp:Display: Loaded TP LinuxTargetPlatform
[2015.10.02-00.46.21:656][  0]LogTargetPlatformManager:Display: Building Assets For Windows
[2015.10.02-00.46.22:149][  0]LogDerivedDataCache:Display: Max Cache Size: 512 MB
[2015.10.02-00.46.22:299][  0]LogDerivedDataCache: Loaded boot cache 0.15s 41MB C:/Users/Nataly/AppData/Local/UnrealEngine/4.9/DerivedDataCache/Boot.ddc.
[2015.10.02-00.46.22:299][  0]LogDerivedDataCache:Display: Loaded Boot cache: C:/Users/Nataly/AppData/Local/UnrealEngine/4.9/DerivedDataCache/Boot.ddc
[2015.10.02-00.46.22:299][  0]LogDerivedDataCache: FDerivedDataBackendGraph:  Pak pak cache file ../../../../../../Users/Nataly/Documents/Unreal Projects/MyProject/DerivedDataCache/DDC.ddp not found, will not use a pak cache.
[2015.10.02-00.46.22:299][  0]LogDerivedDataCache: Unable to find inner node Pak for hierarchical cache Hierarchy.
[2015.10.02-00.46.22:299][  0]LogDerivedDataCache: FDerivedDataBackendGraph:  CompressedPak pak cache file ../../../../../../Users/Nataly/Documents/Unreal Projects/MyProject/DerivedDataCache/Compressed.ddp not found, will not use a pak cache.
[2015.10.02-00.46.22:299][  0]LogDerivedDataCache: Unable to find inner node CompressedPak for hierarchical cache Hierarchy.
[2015.10.02-00.46.22:847][  0]LogDerivedDataCache:Display: Pak cache opened for reading ../../../Engine/DerivedDataCache/Compressed.ddp.
[2015.10.02-00.46.22:865][  0]LogDerivedDataCache: Using Local data cache path C:/Users/Nataly/AppData/Local/UnrealEngine/Common/DerivedDataCache: Writable
[2015.10.02-00.46.23:681][  0]LogInit: Selected Device Profile: [Windows]
[2015.10.02-00.46.23:690][  0]LogContentStreaming: Texture pool size is 0.000000MB
[2015.10.02-00.46.24:210][  0]LogMeshUtilities: No automatic mesh reduction module available
[2015.10.02-00.46.24:210][  0]LogMeshUtilities: No automatic mesh merging module available
[2015.10.02-00.46.25:150][  0]LogInit: WinSock: version 1.1 (2.2), MaxSocks=32767, MaxUdp=65467
[2015.10.02-00.46.28:326][  0]UdpMessaging: Initializing bridge on interface 0.0.0.0:0 to multicast group 230.0.0.1:6666.
[2015.10.02-00.46.28:561][  0]LogAssetRegistry: FAssetRegistry took 0.0116 seconds to start up
[2015.10.02-00.46.29:423][  0]SourceControl: Información El control de código fuente está desactivado
[2015.10.02-00.46.29:428][  0]SourceControl: Información El control de código fuente está desactivado
[2015.10.02-00.46.29:491][  0]SourceControl: Información El control de código fuente está desactivado
[2015.10.02-00.46.29:551][  0]SourceControl: Información El control de código fuente está desactivado
[2015.10.02-00.46.30:480][  0]LogLinker:Warning: Asset '../../../Engine/Plugins/Runtime/LeapMotionController/Content/LM_PassthroughMaterial.uasset' has been saved with empty engine version. The asset will be loaded but may be incompatible.
[2015.10.02-00.46.30:861][  0]LogObj: 28361 objects as part of root set at end of initial load.
[2015.10.02-00.46.30:861][  0]LogUObjectAllocator: 6038872 out of 0 bytes used by permanent object pool.
[2015.10.02-00.46.31:020][  0]LogEngine: Initializing Engine...
[2015.10.02-00.46.31:046][  0]LogHMD: Can't find Oculus library dev build: is proper Runtime installed? Version: 0.6.0.0
[2015.10.02-00.46.31:049][  0]LogHMD: SteamVR failed to initialize.  Err: 110
[2015.10.02-00.46.31:424][  0]LogAIModule: Creating AISystem for world NewWorld
[2015.10.02-00.46.31:447][  0]LogInit: XAudio2 using 'Speakers (Realtek High Definition Audio)' : 2 channels at 48 kHz using 32 bits per sample (channel mask 0x3)
[2015.10.02-00.46.31:488][  0]LogInit: FAudioDevice initialized.
[2015.10.02-00.46.31:559][  0]LogDerivedDataCache: Saved boot cache 0.07s 41MB C:/Users/Nataly/AppData/Local/UnrealEngine/4.9/DerivedDataCache/Boot.ddc.
[2015.10.02-00.46.31:568][  0]LogInit: Texture streaming: Enabled
[2015.10.02-00.46.31:592][  0]LogAnalytics: Creating configured Analytics provider AnalyticsET
[2015.10.02-00.46.31:592][  0]LogAnalytics: [UEEditor.Rocket.Release] APIServer = http://et2.epicgames.com/ET2/. AppVersion = 4.9.0-2672455+++depot+UE4-Releases+4.9
[2015.10.02-00.46.31:592][  0]LogAnalytics: [UEEditor.Rocket.Release] SetUserId 04df499049219a7688f831ad8c33bab9|be6da15be3204defa60aaeb9a79d4362|3769f83d-fa0e-4309-8b91-9de283483013
[2015.10.02-00.46.31:592][  0]LogAnalytics: [UEEditor.Rocket.Release] AnalyticsET::StartSession
[2015.10.02-00.46.31:751][  0]LogInit: Transaction tracking system initialized
[2015.10.02-00.46.31:923][  0]BlueprintLog: New page: Cargar el editor
[2015.10.02-00.46.32:468][  0]LocalizationService: Información Localization service is disabled
[2015.10.02-00.46.32:811][  0]LogConsoleResponse:Display: 
[2015.10.02-00.46.33:287][  0]LogCook:Display: Done creating registry. It took  0.00s.
[2015.10.02-00.46.33:543][  0]LogFileCache: Scanning file cache for directory 'C:/Users/Nataly/Documents/Unreal Projects/MyProject/Content/' took 0.03s
[2015.10.02-00.46.33:543][  0]SourceControl: Información El control de código fuente está desactivado
[2015.10.02-00.46.33:544][  0]Cmd: MAP LOAD FILE="../../../../../../Users/Nataly/Documents/Unreal Projects/MyProject/Content/FirstPersonBP/Maps/FirstPersonExampleMap.umap" TEMPLATE=0 SHOWPROGRESS=1 FEATURELEVEL=3
[2015.10.02-00.46.33:642][  0]LightingResults: New page: Diseñar la iluminación
[2015.10.02-00.46.33:655][  0]MapCheck: New page: Revisión del mapa
[2015.10.02-00.46.33:655][  0]LightingResults: New page: Diseñar la iluminación
[2015.10.02-00.46.33:698][  0]LogParticles: Destroying 0 GPU particle simulations for FXSystem 0x000000BF24659C60
[2015.10.02-00.46.34:506][  0]LogLinker:Warning: Asset '../../../../../../Users/Nataly/Documents/Unreal Projects/MyProject/Content/FirstPersonBP/Blueprints/FirstPersonProjectile.uasset' has been saved with empty engine version. The asset will be loaded but may be incompatible.
[2015.10.02-00.46.34:532][  0]LogLinker:Warning: Asset '../../../../../../Users/Nataly/Documents/Unreal Projects/MyProject/Content/FirstPerson/Meshes/FirstPersonProjectileMesh.uasset' has been saved with empty engine version. The asset will be loaded but may be incompatible.
[2015.10.02-00.46.37:995][  0]LogAIModule: Creating AISystem for world FirstPersonExampleMap
[2015.10.02-00.46.38:016][  0]LogEditorServer: Finished looking for orphan Actors (0.000 secs)
[2015.10.02-00.46.38:017][  0]Cmd: MAP CHECKDEP NOCLEARLOG
[2015.10.02-00.46.38:261][  0]MapCheck: Información Map check complete: 0 Error(s), 0 Warning(s), took 243.506ms to complete.
[2015.10.02-00.46.38:261][  0]LogFileHelpers: Loading map 'FirstPersonExampleMap' took 4.718
[2015.10.02-00.46.38:485][  0]LogCollectionManager: Loaded 0 collections in 0.006953 seconds
[2015.10.02-00.46.38:559][  0]LogFileCache: Scanning file cache for directory 'C:/Users/Nataly/Documents/Unreal Projects/MyProject/Saved/Collections/' took 0.01s
[2015.10.02-00.46.38:559][  0]LogFileCache: Scanning file cache for directory 'C:/Users/Nataly/Documents/Unreal Projects/MyProject/Content/Developers/Nataly/Collections/' took 0.01s
[2015.10.02-00.46.38:559][  0]LogFileCache: Scanning file cache for directory 'C:/Users/Nataly/Documents/Unreal Projects/MyProject/Content/Collections/' took 0.01s
[2015.10.02-00.46.38:559][  0]LogContentBrowser: Native class hierarchy populated in 0.0285 seconds. Added 1867 classes and 333 folders.
[2015.10.02-00.46.38:578][  0]LogCollectionManager: Rebuilt the GUID cache for 0 collections in 0.000007 seconds
[2015.10.02-00.46.38:605][  0]LogContentBrowser: Native class hierarchy updated for 'WidgetCarousel' in 0.0012 seconds. Added 0 classes and 0 folders.
[2015.10.02-00.46.38:811][  0]LogContentBrowser: Native class hierarchy updated for 'AddContentDialog' in 0.0017 seconds. Added 0 classes and 0 folders.
[2015.10.02-00.46.38:824][  0]LogContentBrowser: Native class hierarchy updated for 'SceneOutliner' in 0.0016 seconds. Added 1 classes and 2 folders.
[2015.10.02-00.46.38:899][  0]LogCrashTracker: Crashtracker disabled due to settings.
[2015.10.02-00.46.38:910][  0]LogUObjectGlobals:Warning: Error al encontrar el objeto 'Class Ninguno.'
[2015.10.02-00.46.38:933][  0]LogLoad: Full Startup: 28.54 seconds (BP compile: 0.61 seconds)
[2015.10.02-00.46.39:274][  0]LoadErrors:Error: Error /Game/FirstPersonBP/Maps/FirstPersonExampleMap  : Failed import for SkeletalMeshComponent /Game/FirstPersonBP/Blueprints/FirstPersonCharacter.FirstPersonCharacter_C:SkeletalMesh_GEN_VARIABLE
[2015.10.02-00.46.39:772][  0]LogContentStreaming: Texture pool size now 400 MB
[2015.10.02-00.46.40:050][  0]LogRenderer: Reallocating scene render targets to support 1208x596 (Frame:2).
[2015.10.02-00.46.42:863][  8]LogAssetRegistry: Asset discovery search completed in 14.3143 seconds
[2015.10.02-00.46.42:863][  8]LogCollectionManager: Rebuilt the object cache for 0 collections in 0.000002 seconds (found 0 objects)
[2015.10.02-00.46.42:863][  8]LogCollectionManager: Fixed up redirectors for 0 collections in 0.000039 seconds (updated 0 objects)
[2015.10.02-00.47.50:676][992]Cmd: MAP LOAD FILE="../../../../../../Users/Nataly/Documents/Unreal Projects/MyProject/Content/Room1.umap" TEMPLATE=0 SHOWPROGRESS=1 FEATURELEVEL=3
[2015.10.02-00.47.50:724][992]LightingResults: New page: Diseñar la iluminación
[2015.10.02-00.47.50:818][992]LoadErrors: New page: Cargando mapa: Room1.umap
[2015.10.02-00.47.50:821][992]MapCheck: New page: Revisión del mapa
[2015.10.02-00.47.50:821][992]LightingResults: New page: Diseñar la iluminación
[2015.10.02-00.47.50:855][992]LogParticles: Destroying 0 GPU particle simulations for FXSystem 0x000000BF388CB600
[2015.10.02-00.47.52:173][992]LogAIModule: Creating AISystem for world Room1
[2015.10.02-00.47.52:208][992]LogEditorServer: Finished looking for orphan Actors (0.000 secs)
[2015.10.02-00.47.52:333][992]Cmd: MAP CHECKDEP NOCLEARLOG
[2015.10.02-00.47.52:694][992]MapCheck: Información Map check complete: 0 Error(s), 0 Warning(s), took 360.898ms to complete.
[2015.10.02-00.47.52:694][992]L