[2015.10.02-17.31.42:126][  0]Log file open, 10/02/15 12:31:42
[2015.10.02-17.31.42:126][  0]LogInit:Display: Running engine for game: TrippinHector
[2015.10.02-17.31.42:126][  0]LogInit:Display: RandInit(1572251503) SRandInit(1572251503).
[2015.10.02-17.31.42:126][  0]LogTaskGraph: Started task graph with 4 named threads and 7 total threads.
[2015.10.02-17.31.42:126][  0]LogStats: Stats thread started at 0.085276
[2015.10.02-17.31.42:126][  0]LogInit: Version: 4.9.1-2689999+++depot+UE4-Releases+4.9
[2015.10.02-17.31.42:126][  0]LogInit: API Version: 2672455
[2015.10.02-17.31.42:126][  0]LogInit: Compiled (64-bit): Sep 14 2015 04:12:03
[2015.10.02-17.31.42:126][  0]LogInit: Compiled with Visual C++: 18.00.21005.01
[2015.10.02-17.31.42:126][  0]LogInit: Build Configuration: Development
[2015.10.02-17.31.42:126][  0]LogInit: Branch Name: ++depot+UE4-Releases+4.9
[2015.10.02-17.31.42:126][  0]LogInit: Command line:  
[2015.10.02-17.31.42:126][  0]LogInit: Base directory: C:/Program Files/Epic Games/4.9/Engine/Binaries/Win64/
[2015.10.02-17.31.42:126][  0]LogInit: Rocket: 1
[2015.10.02-17.31.42:138][  0]LogInit: Using libcurl 7.41.0
[2015.10.02-17.31.42:138][  0]LogInit:  - built for x86_64-pc-win32
[2015.10.02-17.31.42:138][  0]LogInit:  - supports SSL with WinSSL
[2015.10.02-17.31.42:138][  0]LogInit:  - other features:
[2015.10.02-17.31.42:138][  0]LogInit:      CURL_VERSION_SSL
[2015.10.02-17.31.42:138][  0]LogInit:      CURL_VERSION_IPV6
[2015.10.02-17.31.42:138][  0]LogInit:      CURL_VERSION_ASYNCHDNS
[2015.10.02-17.31.42:138][  0]LogInit:      CURL_VERSION_LARGEFILE
[2015.10.02-17.31.42:138][  0]LogInit:      CURL_VERSION_IDN
[2015.10.02-17.31.42:138][  0]LogInit:  CurlRequestOptions (configurable via config and command line):
[2015.10.02-17.31.42:138][  0]LogInit:  - bVerifyPeer = true  - Libcurl will verify peer certificate
[2015.10.02-17.31.42:138][  0]LogInit:  - bUseHttpProxy = false  - Libcurl will NOT use HTTP proxy
[2015.10.02-17.31.42:138][  0]LogInit:  - bDontReuseConnections = false  - Libcurl will reuse connections
[2015.10.02-17.31.42:138][  0]LogInit:  - CertBundlePath = nullptr  - Libcurl will use whatever was configured at build time.
[2015.10.02-17.31.42:148][  0]LogInit: Presizing for 0 objects not considered by GC, pre-allocating 0 bytes.
[2015.10.02-17.31.42:156][  0]LogInit: Object subsystem initialized
[2015.10.02-17.31.42:157][  0]LogInit: Selected Device Profile: [Windows]
[2015.10.02-17.31.42:157][  0]LogInit: Applying CVar settings loaded from the selected device profile: [Windows]
[2015.10.02-17.31.42:177][  0]LogInit: Computer: QUIIN
[2015.10.02-17.31.42:177][  0]LogInit: User: Quiin
[2015.10.02-17.31.42:177][  0]LogInit: CPU Page size=4096, Cores=4
[2015.10.02-17.31.42:177][  0]LogInit: High frequency timer resolution =2.435777 MHz
[2015.10.02-17.31.42:177][  0]LogMemory: Memory total: Physical=7.9GB (8GB approx)
[2015.10.02-17.31.42:177][  0]LogMemory: Platform Memory Stats for Windows
[2015.10.02-17.31.42:177][  0]LogMemory: Process Physical Memory: 54.00 MB used, 54.00 MB peak
[2015.10.02-17.31.42:177][  0]LogMemory: Process Virtual Memory: 56.26 MB used, 56.26 MB peak
[2015.10.02-17.31.42:177][  0]LogMemory: Physical Memory: 4536.19 MB used, 8104.27 MB total
[2015.10.02-17.31.42:177][  0]LogMemory: Virtual Memory: 366.31 MB used, 134217728.00 MB total
[2015.10.02-17.31.42:291][  0]LogTextLocalizationManager: No specific translations for ('en-US') exist, so ('en') translations will be used.
[2015.10.02-17.31.43:199][  0]LogD3D11RHI: Found D3D11 adapter 0: NVIDIA GeForce GTX 860M  (Feature Level 11_0)
[2015.10.02-17.31.43:199][  0]LogD3D11RHI: Adapter has 1995MB of dedicated video memory, 0MB of dedicated system memory, and 4052MB of shared system memory, 1 output[s]
[2015.10.02-17.31.43:207][  0]LogD3D11RHI: Found D3D11 adapter 1: Intel(R) HD Graphics 4600 (Feature Level 11_0)
[2015.10.02-17.31.43:207][  0]LogD3D11RHI: Adapter has 112MB of dedicated video memory, 0MB of dedicated system memory, and 4052MB of shared system memory, 0 output[s]
[2015.10.02-17.31.43:209][  0]LogD3D11RHI: Found D3D11 adapter 2: Microsoft Basic Render Driver (Feature Level 11_0)
[2015.10.02-17.31.43:209][  0]LogD3D11RHI: Adapter has 0MB of dedicated video memory, 0MB of dedicated system memory, and 4052MB of shared system memory, 0 output[s]
[2015.10.02-17.31.43:209][  0]LogD3D11RHI: Chosen D3D11 Adapter Id = 0
[2015.10.02-17.31.43:218][  0]LogD3D11RHI: !Direct3DDevice
[2015.10.02-17.31.43:218][  0]LogRHI: Texture pool is 1361 MB (70% of 1945 MB)
[2015.10.02-17.31.43:240][  0]LogD3D11RHI: Async texture creation enabled
[2015.10.02-17.31.43:257][  0]LogShaderCompilers: Guid format shader working directory is 15 characters bigger than the processId version (../../../../../../Users/Quiin/Documents/Unreal Projects/Trippy-Hector/Intermediate/Shaders/WorkingDirectory/6452/).
[2015.10.02-17.31.43:257][  0]LogShaderCompilers: Cleaned the shader compiler working directory '../../../../../../Users/Quiin/Documents/Unreal Projects/Trippy-Hector/Intermediate/Shaders/tmp/36F293EF49DC85E1940541B5E1190E7D/'.
[2015.10.02-17.31.43:257][  0]LogShaderCompilers:Display: Using Local Shader Compiler.
[2015.10.02-17.31.46:142][  0]LogTemp:Display: Loaded TP AllDesktopTargetPlatform
[2015.10.02-17.31.46:154][  0]LogTemp:Display: Loaded TP WindowsClientTargetPlatform
[2015.10.02-17.31.46:164][  0]LogTemp:Display: Loaded TP WindowsNoEditorTargetPlatform
[2015.10.02-17.31.46:171][  0]LogTemp:Display: Loaded TP WindowsServerTargetPlatform
[2015.10.02-17.31.46:178][  0]LogTemp:Display: Loaded TP WindowsTargetPlatform
[2015.10.02-17.31.46:184][  0]LogTemp:Display: Loaded TP AndroidTargetPlatform
[2015.10.02-17.31.46:188][  0]LogTemp:Display: Loaded TP Android_ASTCTargetPlatform
[2015.10.02-17.31.46:192][  0]LogTemp:Display: Loaded TP Android_ATCTargetPlatform
[2015.10.02-17.31.46:197][  0]LogTemp:Display: Loaded TP Android_DXTTargetPlatform
[2015.10.02-17.31.46:201][  0]LogTemp:Display: Loaded TP Android_ETC1TargetPlatform
[2015.10.02-17.31.46:207][  0]LogTemp:Display: Loaded TP Android_ETC2TargetPlatform
[2015.10.02-17.31.46:212][  0]LogTemp:Display: Loaded TP Android_PVRTCTargetPlatform
[2015.10.02-17.31.46:213][  0]LogTemp:Display: Loaded TP HTML5TargetPlatform
[2015.10.02-17.31.46:233][  0]LogTemp:Display: Loaded TP IOSTargetPlatform
[2015.10.02-17.31.46:237][  0]LogTemp:Display: Loaded TP LinuxNoEditorTargetPlatform
[2015.10.02-17.31.46:241][  0]LogTemp:Display: Loaded TP LinuxServerTargetPlatform
[2015.10.02-17.31.46:246][  0]LogTemp:Display: Loaded TP LinuxTargetPlatform
[2015.10.02-17.31.46:246][  0]LogTargetPlatformManager:Display: Building Assets For Windows
[2015.10.02-17.31.46:356][  0]LogDerivedDataCache:Display: Max Cache Size: 512 MB
[2015.10.02-17.31.47:675][  0]LogDerivedDataCache: Loaded boot cache 1.32s 41MB C:/Users/Quiin/AppData/Local/UnrealEngine/4.9/DerivedDataCache/Boot.ddc.
[2015.10.02-17.31.47:675][  0]LogDerivedDataCache:Display: Loaded Boot cache: C:/Users/Quiin/AppData/Local/UnrealEngine/4.9/DerivedDataCache/Boot.ddc
[2015.10.02-17.31.47:675][  0]LogDerivedDataCache: FDerivedDataBackendGraph:  Pak pak cache file ../../../../../../Users/Quiin/Documents/Unreal Projects/Trippy-Hector/DerivedDataCache/DDC.ddp not found, will not use a pak cache.
[2015.10.02-17.31.47:675][  0]LogDerivedDataCache: Unable to find inner node Pak for hierarchical cache Hierarchy.
[2015.10.02-17.31.47:675][  0]LogDerivedDataCache: FDerivedDataBackendGraph:  CompressedPak pak cache file ../../../../../../Users/Quiin/Documents/Unreal Projects/Trippy-Hector/DerivedDataCache/Compressed.ddp not found, will not use a pak cache.
[2015.10.02-17.31.47:675][  0]LogDerivedDataCache: Unable to find inner node CompressedPak for hierarchical cache Hierarchy.
[2015.10.02-17.31.47:968][  0]LogDerivedDataCache:Display: Pak cache opened for reading ../../../Engine/DerivedDataCache/Compressed.ddp.
[2015.10.02-17.31.47:980][  0]LogDerivedDataCache: Using Local data cache path C:/Users/Quiin/AppData/Local/UnrealEngine/Common/DerivedDataCache: Writable
[2015.10.02-17.32.00:060][  0]LogInit: Selected Device Profile: [Windows]
[2015.10.02-17.32.00:095][  0]LogContentStreaming: Texture pool size is 0.000000MB
[2015.10.02-17.32.01:049][  0]LogMeshUtilities: No automatic mesh reduction module available
[2015.10.02-17.32.01:049][  0]LogMeshUtilities: No automatic mesh merging module available
[2015.10.02-17.32.02:872][  0]LogInit: WinSock: version 1.1 (2.2), MaxSocks=32767, MaxUdp=65467
[2015.10.02-17.32.36:982][  0]UdpMessaging: Initializing bridge on interface 0.0.0.0:0 to multicast group 230.0.0.1:6666.
[2015.10.02-17.32.37:993][  0]LogAssetRegistry: FAssetRegistry took 0.0180 seconds to start up
[2015.10.02-17.32.42:648][  0]SourceControl: Info Source control is disabled
[2015.10.02-17.32.45:663][  0]LogLinker:Warning: Asset '../../../Engine/Plugins/Runtime/LeapMotionController/Content/LM_PassthroughMaterial.uasset' has been saved with empty engine version. The asset will be loaded but may be incompatible.
[2015.10.02-17.32.46:137][  0]LogObj: 28361 objects as part of root set at end of initial load.
[2015.10.02-17.32.46:137][  0]LogUObjectAllocator: 6038872 out of 0 bytes used by permanent object pool.
[2015.10.02-17.32.46:955][  0]LogEngine: Initializing Engine...
[2015.10.02-17.32.47:000][  0]LogHMD: Can't find Oculus library dev build: is proper Runtime installed? Version: 0.7.0.0
[2015.10.02-17.32.47:076][  0]LogHMD: SteamVR failed to initialize.  Err: 110
[2015.10.02-17.32.47:465][  0]LogAIModule: Creating AISystem for world NewWorld
[2015.10.02-17.32.47:823][  0]LogInit: XAudio2 using 'Altavoces (Realtek High Definition Audio)' : 2 channels at 48 kHz using 32 bits per sample (channel mask 0x3)
[2015.10.02-17.32.47:852][  0]LogInit: FAudioDevice initialized.
[2015.10.02-17.32.47:881][  0]LogDerivedDataCache: Saved boot cache 0.03s 41MB C:/Users/Quiin/AppData/Local/UnrealEngine/4.9/DerivedDataCache/Boot.ddc.
[2015.10.02-17.32.47:895][  0]LogInit: Texture streaming: Enabled
[2015.10.02-17.32.47:933][  0]LogAnalytics: Creating configured Analytics provider AnalyticsET
[2015.10.02-17.32.47:933][  0]LogAnalytics: [UEEditor.Rocket.Release] APIServer = http://et2.epicgames.com/ET2/. AppVersion = 4.9.1-2689999+++depot+UE4-Releases+4.9
[2015.10.02-17.32.47:933][  0]LogAnalytics: [UEEditor.Rocket.Release] SetUserId 8464a0154692be69fcc5bd947abc987f|bfef9cc5c9db489cb2f031a861819abc|da4b7740-65b6-4330-97cf-04fec3ee4bee
[2015.10.02-17.32.47:949][  0]LogAnalytics: [UEEditor.Rocket.Release] AnalyticsET::StartSession
[2015.10.02-17.32.48:474][  0]LogInit: Transaction tracking system initialized
[2015.10.02-17.32.51:985][  0]BlueprintLog: New page: Editor Load
[2015.10.02-17.32.54:261][  0]LocalizationService: Info Localization service is disabled
[2015.10.02-17.32.55:974][  0]LogConsoleResponse:Display: 
[2015.10.02-17.32.57:746][  0]LogFileCache: Scanning file cache for directory 'C:/Users/Quiin/Documents/Unreal Projects/Trippy-Hector/Content/' took 0.03s
[2015.10.02-17.32.57:747][  0]LogCook:Display: Done creating registry. It took  0.00s.
[2015.10.02-17.32.59:235][  0]Cmd: MAP LOAD FILE="../../../../../../Users/Quiin/Documents/Unreal Projects/Trippy-Hector/Content/FirstPersonBP/Maps/FirstPersonExampleMap.umap" TEMPLATE=0 SHOWPROGRESS=1 FEATURELEVEL=3
[2015.10.02-17.32.59:245][  0]LogEditorServer:Warning: Can't find file '../../../../../../Users/Quiin/Documents/Unreal Projects/Trippy-Hector/Content/FirstPersonBP/Maps/FirstPersonExampleMap.umap'
[2015.10.02-17.32.59:245][  0]Cmd: MAP CHECKDEP NOCLEARLOG
[2015.10.02-17.32.59:301][  0]MapCheck: Info Map check complete: 0 Error(s), 0 Warning(s), took 56.16ms to complete.
[2015.10.02-17.32.59:301][  0]LogFileHelpers: Loading map 'FirstPersonExampleMap' took 0.073
[2015.10.02-17.33.00:965][  0]LogCollectionManager: Loaded 0 collections in 0.004910 seconds
[2015.10.02-17.33.01:129][  0]LogFileCache: Scanning file cache for directory 'C:/Users/Quiin/Documents/Unreal Projects/Trippy-Hector/Saved/Collections/' took 0.01s
[2015.10.02-17.33.01:129][  0]LogFileCache: Scanning file cache for directory 'C:/Users/Quiin/Documents/Unreal Projects/Trippy-Hector/Content/Developers/Quiin/Collections/' took 0.01s
[2015.10.02-17.33.01:129][  0]LogFileCache: Scanning file cache for directory 'C:/Users/Quiin/Documents/Unreal Projects/Trippy-Hector/Content/Collections/' took 0.01s
[2015.10.02-17.33.01:129][  0]LogContentBrowser: Native class hierarchy populated in 0.0590 seconds. Added 1867 classes and 333 folders.
[2015.10.02-17.33.01:184][  0]LogCollectionManager: Rebuilt the GUID cache for 0 collections in 0.000003 seconds
[2015.10.02-17.33.01:273][  0]LogContentBrowser: Native class hierarchy updated for 'WidgetCarousel' in 0.0004 seconds. Added 0 classes and 0 folders.
[2015.10.02-17.33.02:435][  0]LogContentBrowser: Native class hierarchy updated for 'AddContentDialog' in 0.0007 seconds. Added 0 classes and 0 folders.
[2015.10.02-17.33.03:043][  0]LogContentBrowser: Native class hierarchy updated for 'SceneOutliner' in 0.0006 seconds. Added 1 classes and 2 folders.
[2015.10.02-17.33.03:487][  0]LogCrashTracker: Crashtracker disabled due to settings.
[2015.10.02-17.33.03:529][  0]LogUObjectGlobals:Warning: Failed to find object 'Class None.'
[2015.10.02-17.33.03:646][  0]LogLoad: Full Startup: 82.49 seconds (BP compile: 0.31 seconds)
[2015.10.02-17.33.04:442][  0]SourceControl: Info On branch master
[2015.10.02-17.33.04:443][  0]SourceControl: Info Your branch is ahead of 'origin/master' by 1 commit.
[2015.10.02-17.33.04:443][  0]SourceControl: Info   (use "git push" to publish your local commits)
[2015.10.02-17.33.04:443][  0]SourceControl: Info Changes to be committed:
[2015.10.02-17.33.04:443][  0]SourceControl: Info   (use "git reset HEAD <file>..." to unstage)
[2015.10.02-17.33.04:443][  0]SourceControl: Info 	new file:   Content/FirstPerson/Character/Materials/MaterialLayers/wut.uasset
[2015.10.02-17.33.04:443][  0]SourceControl: Info 	deleted:    Content/FirstPersonBP/Maps/FirstPersonExampleMap.umap
[2015.10.02-17.33.04:443][  0]SourceControl: Info Changes not staged for commit:
[2015.10.02-17.33.04:443][  0]SourceControl: Info   (use "git add <file>..." to update what will be committed)
[2015.10.02-17.33.04:443][  0]SourceControl: Info   (use "git checkout -- <file>..." to discard changes in working directory)
[2015.10.02-17.33.04:443][  0]SourceControl: Info 	modified:   Config/DefaultInput.ini
[2015.10.02-17.33.04:443][  0]SourceControl: Info 	modified:   Content/FirstPerson/Character/Materials/MaterialLayers/wut.uasset
[2015.10.02-17.33.04:443][  0]SourceControl: Info 	modified:   Content/FirstPersonBP/Blueprints/FirstPersonCharacter.uasset
[2015.10.02-17.33.04:443][  0]SourceControl: Info 	modified:   Content/Room1.umap
[2015.10.02-17.33.04:443][  0]SourceControl: Info 	modified:   Intermediate/CachedAssetRegistry.bin
[2015.10.02-17.33.04:443][  0]SourceControl: Info 	modified:   Intermediate/Config/CoalescedSourceConfigs/Engine.ini
[2015.10.02-17.33.04:443][  0]SourceControl: Info 	modified:   Intermediate/Config/CoalescedSourceConfigs/Game.ini
[2015.10.02-17.33.04:443][  0]SourceControl: Info 	modified:   Intermediate/Config/CoalescedSourceConfigs/Input.ini
[2015.10.02-17.33.04:444][  0]SourceControl: Info 	modified:   Saved/AutoScreenshot.png
[2015.10.02-17.33.04:444][  0]SourceControl: Info 	modified:   Saved/Autosaves/Game/Room1_Auto1.umap
[2015.10.02-17.33.04:444][  0]SourceControl: Info 	modified:   Saved/Autosaves/PackageRestoreData.json
[2015.10.02-17.33.04:444][  0]SourceControl: Info 	modified:   Saved/Config/Windows/Editor.ini
[2015.10.02-17.33.04:444][  0]SourceControl: Info 	modified:   Saved/Config/Windows/EditorPerProjectUserSettings.ini
[2015.10.02-17.33.04:444][  0]SourceControl: Info 	modified:   Saved/Config/Windows/Engine.ini
[2015.10.02-17.33.04:444][  0]SourceControl: Info 	modified:   Saved/Logs/TrippinHector.log
[2015.10.02-17.33.04:444][  0]SourceControl: Info Untracked files:
[2015.10.02-17.33.04:444][  0]SourceControl: Info   (use "git add <file>..." to include in what will be committed)
[2015.10.02-17.33.04:444][  0]SourceControl: Info 	Content/FirstPerson/Character/Materials/MaterialLayers/MAT_CLD.uasset
[2015.10.02-17.33.04:444][  0]SourceControl: Info 	Saved/Autosaves/Game/FirstPerson/
[2015.10.02-17.33.04:444][  0]SourceControl: Info 	Saved/Autosaves/Game/FirstPersonBP/
[2015.10.02-17.33.04:444][  0]SourceControl: Info 	Saved/Backup/FirstPersonCharacter_2015-10-01-21-10-29.uasset
[2015.10.02-17.33.04:444][  0]SourceControl: Info 	Saved/Backup/FirstPersonCharacter_2015-10-01-21-22-09.uasset
[2015.10.02-17.33.04:444][  0]SourceControl: Info 	Saved/Backup/FirstPersonCharacter_2015-10-01-21-34-22.uasset
[2015.10.02-17.33.04:444][  0]SourceControl: Info 	Saved/Backup/FirstPersonCharacter_2015-10-01-21-48-03.uasset
[2015.10.02-17.33.04:444][  0]SourceControl: Info 	Saved/Backup/FirstPersonCharacter_2015-10-01-21-55-13.uasset
[2015.10.02-17.33.04:445][  0]SourceControl: Info 	Saved/Backup/FirstPersonCharacter_2015-10-01-22-00-20.uasset
[2015.10.02-17.33.04:445][  0]SourceControl: Info 	Saved/Backup/FirstPersonCharacter_2015-10-02-09-26-27.uasset
[2015.10.02-17.33.04:445][  0]SourceControl: Info 	Saved/Backup/FirstPersonCharacter_2015-10-02-09-45-18.uasset
[2015.10.02-17.33.04:445][  0]SourceControl: Info 	Saved/Backup/FirstPersonCharacter_2015-10-02-10-08-58.uasset
[2015.10.02-17.33.04:445][  0]SourceControl: Info 	Saved/Backup/FirstPersonCharacter_2015-10-02-10-19-29.uasset
[2015.10.02-17.33.04:445][  0]SourceControl: Info 	Saved/Backup/FirstPersonCharacter_2015-10-02-10-41-42.uasset
[2015.10.02-17.33.04:445][  0]SourceControl: Info 	Saved/Backup/FirstPersonCharacter_2015-10-02-10-49-08.uasset
[2015.10.02-17.33.04:445][  0]SourceControl: Info 	Saved/Backup/FirstPersonCharacter_2015-10-02-10-56-31.uasset
[2015.10.02-17.33.04:445][  0]SourceControl: Info 	Saved/Backup/FirstPersonCharacter_2015-10-02-11-08-53.uasset
[2015.10.02-17.33.04:445][  0]SourceControl: Info 	Saved/Backup/FirstPersonCharacter_2015-10-02-12-28-16.uasset
[2015.10.02-17.33.04:445][  0]SourceControl: Info 	Saved/Backup/MAT_CLD_2015-10-02-11-41-28.uasset
[2015.10.02-17.33.04:445][  0]SourceControl: Info 	Saved/Backup/MAT_CLD_2015-10-02-11-47-00.uasset
[2015.10.02-17.33.04:445][  0]SourceControl: Info 	Saved/Backup/MAT_CLD_2015-10-02-12-00-40.uasset
[2015.10.02-17.33.04:445][  0]SourceControl: Info 	Saved/Backup/MAT_CLD_2015-10-02-12-16-36.uasset
[2015.10.02-17.33.04:445][  0]SourceControl: Info 	Saved/Backup/MAT_CLD_2015-10-02-12-28-16.uasset
[2015.10.02-17.33.04:445][  0]SourceControl: Info 	Saved/Backup/Room1_2015-10-01-21-10-28.umap
[2015.10.02-17.33.04:445][  0]SourceControl: Info 	Saved/Backup/Room1_2015-10-01-21-48-03.umap
[2015.10.02-17.33.04:446][  0]SourceControl: Info 	Saved/Backup/Room1_2015-10-02-10-20-46.umap
[2015.10.02-17.33.04:446][  0]SourceControl: Info 	Saved/Backup/Room1_2015-10-02-12-21-33.umap
[2015.10.02-17.33.04:446][  0]SourceControl: Info 	Saved/Backup/wut_2015-10-02-12-12-09.uasset
[2015.10.02-17.33.04:446][  0]SourceControl: Info 	Saved/Backup/wut_2015-10-02-12-21-29.uasset
[2015.10.02-17.33.04:446][  0]SourceControl: Info 	Saved/Logs/TrippinHector-backup-2015.10.01-20.55.39.log
[2015.10.02-17.33.04:446][  0]SourceControl: Info 	Saved/Logs/TrippinHector-backup-2015.10.02-09.10.30.log
[2015.10.02-17.33.04:446][  0]SourceControl: Info 	Saved/Logs/TrippinHector-backup-2015.10.02-10.14.21.log
[2015.10.02-17.33.04:446][  0]SourceControl: Info 	Saved/Logs/TrippinHector-backup-2015.10.02-10.27.56.log
[2015.10.02-17.33.04:446][  0]SourceControl: Info 	Saved/Logs/TrippinHector-backup-2015.10.02-11.31.09.log
[2015.10.02-17.33.04:446][  0]SourceControl: Info 	Saved/Logs/TrippinHector-backup-2015.10.02-11.41.04.log
[2015.10.02-17.33.04:446][  0]SourceControl: Info 	Saved/Logs/TrippinHector-backup-2015.10.02-12.31.42.log
[2015.10.02-17.33.04:446][  0]SourceControl: Info 	Saved/Logs/UE4CC-Windows-3FA680A84972690656B232A7E85E1247/
[2015.10.02-17.33.04:446][  0]SourceControl: Info 	Saved/Logs/UE4CC-Windows-860FE4FE445E3016006A4EA368605A43/
[2015.10.02-17.33.04:446][  0]SourceControl: Info 	Saved/Logs/UE4CC-Windows-D951B2014AEC1D66C81C0CA541293F5E/
[2015.10.02-17.33.04:446][  0]SourceControl: Info 	Saved/Logs/UE4CC-Windows-E72AF94F48B79B193ABE8A9F3B0DBEC6/
[2015.10.02-17.33.04:447][  0]LogContentStreaming: Texture pool size now 1000 MB
[2015.10.02-17.33.04:726][  0]LogRenderer: Reallocating scene render targets to support 696x708 (Frame:2).
[2015.10.02-17.33.06:244][  4]LogAssetRegistry: Asset discovery search completed in 28.2620 seconds
[2015.10.02-17.33.06:244][  4]LogCollectionManager: Rebuilt the object cache for 0 collections in 0.000001 seconds (found 0 objects)
[2015.10.02-17.33.06:244][  4]LogCollectionManager: Fixed up redirectors for 0 collections in 0.000047 seconds (updated 0 objects)
[2015.10.02-17.34.00:232][255]LogAIModule: Creating AISystem for world Room1
[2015.10.02-17.34.00:508][255]Cmd: MAP LOAD FILE="../../../../../../Users/Quiin/Documents/Unreal Projects/Trippy-Hector/Content/Room1.umap" TEMPLATE=0 SHOWPROGRESS=1 FEATURELEVEL=3
[2015.10.02-17.34.00:523][255]LightingResults: New page: Lighting Build
[2015.10.02-17.34.00:561][255]LogContentBrowser: Native class hierarchy updated for 'StatsViewer' in 0.0006 seconds. Added 5 classes and 0 folders.
[2015.10.02-17.34.00:607][255]LoadErrors: New page: Loading map: Room1.umap
[2015.10.02-17.34.00:623][255]MapCheck: New page: Map Check
[2015.10.02-17.34.00:623][255]LightingResults: New page: Lighting Build
[2015.10.02-17.34.00:680][255]LogParticles: Destroying 0 GPU particle simulations for FXSystem 0x000000CCD9B28400
[2015.10.02-17.34.00:785][255]LogEditorServer: Finished looking for orphan Actors (0.000 secs)
[2015.10.02-17.34.00:857][255]Cmd: MAP CHECKDEP NOCLEARLOG
[2015.10.02-17.34.00:913][255]MapCheck: Info Map check complete: 0 Error(s), 0 Warning(s), took 56.309ms to complete.
[2015.10.02-17.34.00:914][255]LogFileHelpers: Loading map 'Room1' took 0.408
[2015.10.02-17.34.28:931][685]LogPlayLevel: PlayLevel: No blueprints needed recompiling
[2015.10.02-17.34.29:094][685]PIE: New page: PIE session: Room1 (Oct 2, 2015, 7:34:28 AM)
[2015.10.02-17.34.29:094][685]LogPlayLevel: Creating play world package: /Game/UEDPIE_0_Room1
[2015.10.02-17.34.29:128][685]LogPlayLevel: PIE: StaticDuplicateObject took: (0.033668s)
[2015.10.02-17.34.29:129][685]LogAIModule: Creating AISystem for world Room1
[2015.10.02-17.34.29:129][685]LogPlayLevel: PIE: World Init took: (0.001456s)
[2015.10.02-17.34.29:130][685]LogPlayLevel: PIE: Created PIE world by copying editor world from /Game/Room1.Room1 to /Game/UEDPIE_0_Room1.Room1 (0.035571s)
[2015.10.02-17.34.29:145][685]LogInit: XAudio2 using 'Altavoces (Realtek High Definition Audio)' : 2 channels at 48 kHz using 32 bits per sample (channel mask 0x3)
[2015.10.02-17.34.29:154][685]LogInit: FAudioDevice initialized.
[2015.10.02-17.34.29:483][685]LogLinker:Warning: Asset '../../../../../../Users/Quiin/Documents/Unreal Projects/Trippy-Hector/Content/FirstPersonBP/Blueprints/FirstPersonProjectile.uasset' has been saved with empty engine version. The asset will be loaded but may be incompatible.
[2015.10.02-17.34.29:485][685]LogLinker:Warning: Asset '../../../../../../Users/Quiin/Documents/Unreal Projects/Trippy-Hector/Content/FirstPerson/Meshes/FirstPersonProjectileMesh.uasset' has been saved with empty engine version. The asset will be loaded but may be incompatible.
[2015.10.02-17.34.29:747][685]LogLinker:Warning: Asset '../../../../../../Users/Quiin/Documents/Unreal Projects/Trippy-Hector/Content/FirstPersonBP/Blueprints/FirstPersonHUD.uasset' has been saved with empty engine version. The asset will be loaded but may be incompatible.
[2015.10.02-17.34.30:177][685]LogWorld: Game class is 'FirstPersonGameMode_C'
[2015.10.02-17.34.30:195][685]LogWorld: Bringing World /Game/UEDPIE_0_Room1.Room1 up for play (max tick rate 60) at 2015.10.02-12.34.30
[2015.10.02-17.34.30:195][685]LogActor:Warning: GameSession /Game/UEDPIE_0_Room1.Room1:PersistentLevel.GameSession_0 has natively added scene component(s), but none of them were set as the actor's RootComponent - picking one arbitrarily
[2015.10.02-17.34.30:196][685]LogActor:Warning: GameNetworkManager /Game/UEDPIE_0_Room1.Room1:PersistentLevel.GameNetworkManager_0 has natively added scene component(s), but none of them were set as the actor's RootComponent - picking one arbitrarily
[2015.10.02-17.34.30:197][685]LogWorld: Bringing up level for play took: 0.014980
[2015.10.02-17.34.30:250][685]PIE: Info Play in editor start time for /Game/UEDPIE_0_Room1 1.479
[2015.10.02-17.34.41:714][326]LogParticles: Destroying 0 GPU particle simulations for FXSystem 0x000000CCC8C5A7A0
[2015.10.02-17.34.56:195][171]LogLinker:Warning: Asset '../../../Engine/Content/ArtTools/RenderToTexture/Macros/RenderToTextureMacros.uasset' has been saved with empty engine version. The asset will be loaded but may be incompatible.
[2015.10.02-17.34.57:160][171]LogContentBrowser: Native class hierarchy updated for 'BlueprintGraph' in 0.0024 seconds. Added 107 classes and 0 folders.
[2015.10.02-17.35.11:406][840]LogBlueprintUserMessages: CustomizeDetails for Blueprint 'FirstPersonCharacter', cached variable property's owner is '/Script/Engine.CameraComponent'
[2015.10.02-17.35.21:464][424]BlueprintLog: New page: Compile FirstPersonCharacter
[2015.10.02-17.35.21:674][424]LogActorComponent: UnregisterComponent: (/Engine/Transient.ProjectileMovementComponent_40__A6522401) Not registered. Aborting.
[2015.10.02-17.35.21:674][424]LogActorComponent: UnregisterComponent: (/Engine/Transient.CharMoveComp) Not registered. Aborting.
[2015.10.02-17.35.21:718][424]LogBlueprintUserMessages: PostEditorRefresh for Blueprint 'FirstPersonCharacter', cached variable property's owner is '/Script/Engine.CameraComponent'
[2015.10.02-17.35.21:718][424]BlueprintEditorCompileResults: Info [0220.56] Compile of FirstPersonCharacter successful! [in 252 ms]
[2015.10.02-17.35.21:741][424]LogBlueprintUserMessages: CustomizeDetails for Blueprint 'FirstPersonCharacter', cached variable property's owner is '/Script/Engine.CameraComponent'
[2015.10.02-17.35.22:681][478]LogPlayLevel: PlayLevel: No blueprints needed recompiling
[2015.10.02-17.35.22:681][478]PIE: New page: PIE session: Room1 (Oct 2, 2015, 7:35:22 AM)
[2015.10.02-17.35.22:681][478]LogPlayLevel: Creating play world package: /Game/UEDPIE_0_Room1
[2015.10.02-17.35.22:697][478]LogPlayLevel: PIE: StaticDuplicateObject took: (0.015637s)
[2015.10.02-17.35.22:698][478]LogAIModule: Creating AISystem for world Room1
[2015.10.02-17.35.22:698][478]LogPlayLevel: PIE: World Init took: (0.000807s)
[2015.10.02-17.35.22:698][478]LogPlayLevel: PIE: Created PIE world by copying editor world from /Game/Room1.Room1 to /Game/UEDPIE_0_Room1.Room1 (0.016655s)
[2015.10.02-17.35.22:698][478]LogActorComponent: UnregisterComponent: (/Engine/Transient.CharMoveComp) Not registered. Aborting.
[2015.10.02-17.35.22:727][478]LogInit: XAudio2 using 'Altavoces (Realtek High Definition Audio)' : 2 channels at 48 kHz using 32 bits per sample (channel mask 0x3)
[2015.10.02-17.35.22:737][478]LogInit: FAudioDevice initialized.
[2015.10.02-17.35.22:778][478]LogWorld: Game class is 'FirstPersonGameMode_C'
[2015.10.02-17.35.22:787][478]LogWorld: Bringing World /Game/UEDPIE_0_Room1.Room1 up for play (max tick rate 60) at 2015.10.02-12.35.22
[2015.10.02-17.35.22:787][478]LogActor:Warning: GameSession /Game/UEDPIE_0_Room1.Room1:PersistentLevel.GameSession_1 has natively added scene component(s), but none of them were set as the actor's RootComponent - picking one arbitrarily
[2015.10.02-17.35.22:787][478]LogActor:Warning: GameNetworkManager /Game/UEDPIE_0_Room1.Room1:PersistentLevel.GameNetworkManager_1 has natively added scene component(s), but none of them were set as the actor's RootComponent - picking one arbitrarily
[2015.10.02-17.35.22:787][478]LogWorld: Bringing up level for play took: 0.007709
[2015.10.02-17.35.22:826][478]PIE: Info Play in editor start time for /Game/UEDPIE_0_Room1 0.054
[2015.10.02-17.35.22:857][479]LogRenderer: Reallocating scene render targets to support 1280x720 (Frame:949).
[2015.10.02-17.36.37:514][936]LogParticles: Destroying 0 GPU particle simulations for FXSystem 0x000000CCABF0BC40
[2015.10.02-17.36.45:578][415]BlueprintLog: New page: Pre-Play auto-recompile
[2015.10.02-17.36.45:582][415]LogActorComponent: UnregisterComponent: (/Engine/Transient.CharMoveComp) Not registered. Aborting.
[2015.10.02-17.36.45:592][415]LogPlayLevel: [PlayLevel] Compiling FirstPersonCharacter before play...
[2015.10.02-17.36.45:682][415]LogPlayLevel: PlayLevel: Blueprint regeneration took 104 ms (1 blueprints)
[2015.10.02-17.36.45:716][415]PIE: New page: PIE session: Room1 (Oct 2, 2015, 7:36:45 AM)
[2015.10.02-17.36.45:716][415]LogPlayLevel: Creating play world package: /Game/UEDPIE_0_Room1
[2015.10.02-17.36.45:731][415]LogPlayLevel: PIE: StaticDuplicateObject took: (0.015234s)
[2015.10.02-17.36.45:732][415]LogAIModule: Creating AISystem for world Room1
[2015.10.02-17.36.45:732][415]LogPlayLevel: PIE: World Init took: (0.000780s)
[2015.10.02-17.36.45:732][415]LogPlayLevel: PIE: Created PIE world by copying editor world from /Game/Room1.Room1 to /Game/UEDPIE_0_Room1.Room1 (0.016218s)
[2015.10.02-17.36.45:760][415]LogInit: XAudio2 using 'Altavoces (Realtek High Definition Audio)' : 2 channels at 48 kHz using 32 bits per sample (channel mask 0x3)
[2015.10.02-17.36.45:769][415]LogInit: FAudioDevice initialized.
[2015.10.02-17.36.45:807][415]LogWorld: Game class is 'FirstPersonGameMode_C'
[2015.10.02-17.36.45:815][415]LogWorld: Bringing World /Game/UEDPIE_0_Room1.Room1 up for play (max tick rate 60) at 2015.10.02-12.36.45
[2015.10.02-17.36.45:815][415]LogActor:Warning: GameSession /Game/UEDPIE_0_Room1.Room1:PersistentLevel.GameSession_2 has natively added scene component(s), but none of them were set as the actor's RootComponent - picking one arbitrarily
[2015.10.02-17.36.45:816][415]LogActor:Warning: GameNetworkManager /Game/UEDPIE_0_Room1.Room1:PersistentLevel.GameNetworkManager_2 has natively added scene component(s), but none of them were set as the actor's RootComponent - picking one arbitrarily
[2015.10.02-17.36.45:817][415]LogWorld: Bringing up level for play took: 0.009057
[2015.10.02-17.36.45:832][415]PIE: Info Play in editor start time for /Game/UEDPIE_0_Room1 1.06
[2015.10.02-17.37.02:068][334]LogActorComponent: UnregisterComponent: (/Engine/Transient.CharMoveComp) Not registered. Aborting.
[2015.10.02-17.37.02:135][335]LogParticles: Destroying 0 GPU particle simulations for FXSystem 0x000000CC98256B60
[2015.10.02-17.37.13:474][953]LogScript:Warning: Accessed None 'FP_Gun'
	FirstPersonCharacter_C /Engine/Transient.World_3:PersistentLevel.FirstPersonCharacter_C_1
	Function /Game/FirstPersonBP/Blueprints/FirstPersonCharacter.FirstPersonCharacter_C:UserConstructionScript:000D
[2015.10.02-17.37.13:514][953]LogScript:Warning: Accessed None 'FP_Gun'
	FirstPersonCharacter_C /Engine/Transient.World_3:PersistentLevel.FirstPersonCharacter_C_1
	Function /Game/FirstPersonBP/Blueprints/FirstPersonCharacter.FirstPersonCharacter_C:UserConstructionScript:000D
[2015.10.02-17.37.20:699][375]LogScript:Warning: Accessed None 'FP_Gun'
	FirstPersonCharacter_C /Engine/Transient.World_3:PersistentLevel.FirstPersonCharacter_C_1
	Function /Game/FirstPersonBP/Blueprints/FirstPersonCharacter.FirstPersonCharacter_C:UserConstructionScript:000D
[2015.10.02-17.37.20:749][378]LogScript:Warning: Accessed None 'FP_Gun'
	FirstPersonCharacter_C /Engine/Transient.World_3:PersistentLevel.FirstPersonCharacter_C_1
	Function /Game/FirstPersonBP/Blueprints/FirstPersonCharacter.FirstPersonCharacter_C:UserConstructionScript:000D
[2015.10.02-17.37.20:765][379]LogScript:Warning: Accessed None 'FP_Gun'
	FirstPersonCharacter_C /Engine/Transient.World_3:PersistentLevel.FirstPersonCharacter_C_1
	Function /Game/FirstPersonBP/Blueprints/FirstPersonCharacter.FirstPersonCharacter_C:UserConstructionScript:000D
[2015.10.02-17.37.20:783][380]LogScript:Warning: Accessed None 'FP_Gun'
	FirstPersonCharacter_C /Engine/Transient.World_3:PersistentLevel.FirstPersonCharacter_C_1
	Function /Game/FirstPersonBP/Blueprints/FirstPersonCharacter.FirstPersonCharacter_C:UserConstructionScript:000D
[2015.10.02-17.37.20:800][381]LogScript:Warning: Accessed None 'FP_Gun'
	FirstPersonCharacter_C /Engine/Transient.World_3:PersistentLevel.FirstPersonCharacter_C_1
	Function /Game/FirstPersonBP/Blueprints/FirstPersonCharacter.FirstPersonCharacter_C:UserConstructionScript:000D
[2015.10.02-17.37.20:816][382]LogScript:Warning: Accessed None 'FP_Gun'
	FirstPersonCharacter_C /Engine/Transient.World_3:PersistentLevel.FirstPersonCharacter_C_1
	Function /Game/FirstPersonBP/Blueprints/FirstPersonCharacter.FirstPersonCharacter_C:UserConstructionScript:000D
[2015.10.02-17.37.20:848][384]LogScript:Warning: Accessed None 'FP_Gun'
	FirstPersonCharacter_C /Engine/Transient.World_3:PersistentLevel.FirstPersonCharacter_C_1
	Function /Game/FirstPersonBP/Blueprints/FirstPersonCharacter.FirstPersonCharacter_C:UserConstructionScript:000D
[2015.10.02-17.37.20:865][385]LogScript:Warning: Accessed None 'FP_Gun'
	FirstPersonCharacter_C /Engine/Transient.World_3:PersistentLevel.FirstPersonCharacter_C_1
	Function /Game/FirstPersonBP/Blueprints/FirstPersonCharacter.FirstPersonCharacter_C:UserConstructionScript:000D
[2015.10.02-17.37.20:899][387]LogScript:Warning: Accessed None 'FP_Gun'
	FirstPersonCharacter_C /Engine/Transient.World_3:PersistentLevel.FirstPersonCharacter_C_1
	Function /Game/FirstPersonBP/Blueprints/FirstPersonCharacter.FirstPersonCharacter_C:UserConstructionScript:000D
[2015.10.02-17.37.20:916][388]LogScript:Warning: Accessed None 'FP_Gun'
	FirstPersonCharacter_C /Engine/Transient.World_3:PersistentLevel.FirstPersonCharacter_C_1
	Function /Game/FirstPersonBP/Blueprints/FirstPersonCharacter.FirstPersonCharacter_C:UserConstructionScript:000D
[2015.10.02-17.37.20:933][389]LogScript:Warning: Accessed None 'FP_Gun'
	FirstPersonCharacter_C /Engine/Transient.World_3:PersistentLevel.FirstPersonCharacter_C_1
	Function /Game/FirstPersonBP/Blueprints/FirstPersonCharacter.FirstPersonCharacter_C:UserConstructionScript:000D
[2015.10.02-17.37.20:982][392]LogScript:Warning: Accessed None 'FP_Gun'
	FirstPersonCharacter_C /Engine/Transient.World_3:PersistentLevel.FirstPersonCharacter_C_1
	Function /Game/FirstPersonBP/Blueprints/FirstPersonCharacter.FirstPersonCharacter_C:UserConstructionScript:000D
[2015.10.02-17.37.21:016][394]LogScript:Warning: Accessed None 'FP_Gun'
	FirstPersonCharacter_C /Engine/Transient.World_3:PersistentLevel.FirstPersonCharacter_C_1
	Function /Game/FirstPersonBP/Blueprints/FirstPersonCharacter.FirstPersonCharacter_C:UserConstructionScript:000D
[2015.10.02-17.37.21:082][398]LogScript:Warning: Accessed None 'FP_Gun'
	FirstPersonCharacter_C /Engine/Transient.World_3:PersistentLevel.FirstPersonCharacter_C_1
	Function /Game/FirstPersonBP/Blueprints/FirstPersonCharacter.FirstPersonCharacter_C:UserConstructionScript:000D
[2015.10.02-17.37.21:099][399]LogScript:Warning: Accessed None 'FP_Gun'
	FirstPersonCharacter_C /Engine/Transient.World_3:PersistentLevel.FirstPersonCharacter_C_1
	Function /Game/FirstPersonBP/Blueprints/FirstPersonCharacter.FirstPersonCharacter_C:UserConstructionScript:000D
[2015.10.02-17.37.24:261][587]BlueprintLog: New page: Pre-Play auto-recompile
[2015.10.02-17.37.24:265][587]LogActorComponent: UnregisterComponent: (/Engine/Transient.CharMoveComp) Not registered. Aborting.
[2015.10.02-17.37.24:268][587]LogPlayLevel: [PlayLevel] Compiling FirstPersonCharacter before play...
[2015.10.02-17.37.24:307][587]LogBlueprint:Error: [compiler FirstPersonCharacter] Error This blueprint (self) is not a SceneComponent, therefore ' Target ' must have a connection.
[2015.10.02-17.37.24:405][587]LogBlueprint:Warning: [compiler FirstPersonCharacter] Warning [0343.25] Compile of FirstPersonCharacter failed. 1 Fatal Issue(s) 0 Warning(s) [in 123 ms]
[2015.10.02-17.37.24:405][587]LogBlueprint:Warning: [compiler FirstPersonCharacter] Warning [0343.25] Compile of FirstPersonCharacter failed. 1 Fatal Issue(s) 1 Warning(s) [in 0 ms]
[2015.10.02-17.37.24:406][587]LogBlueprint:Warning: [compiler FirstPersonCharacter] Warning [0343.25] Compile of FirstPersonCharacter failed. 1 Fatal Issue(s) 2 Warning(s) [in 0 ms]
[2015.10.02-17.37.24:406][587]LogBlueprint:Warning: [compiler FirstPersonCharacter] Warning [0343.25] C