[2015.10.02-16.31.09:692][  0]Log file open, 10/02/15 11:31:09
[2015.10.02-16.31.09:692][  0]LogInit:Display: Running engine for game: TrippinHector
[2015.10.02-16.31.09:692][  0]LogInit:Display: RandInit(1315101365) SRandInit(1315101366).
[2015.10.02-16.31.09:692][  0]LogTaskGraph: Started task graph with 4 named threads and 7 total threads.
[2015.10.02-16.31.09:692][  0]LogStats: Stats thread started at 0.084883
[2015.10.02-16.31.09:692][  0]LogInit: Version: 4.9.1-2689999+++depot+UE4-Releases+4.9
[2015.10.02-16.31.09:692][  0]LogInit: API Version: 2672455
[2015.10.02-16.31.09:692][  0]LogInit: Compiled (64-bit): Sep 14 2015 04:12:03
[2015.10.02-16.31.09:692][  0]LogInit: Compiled with Visual C++: 18.00.21005.01
[2015.10.02-16.31.09:692][  0]LogInit: Build Configuration: Development
[2015.10.02-16.31.09:692][  0]LogInit: Branch Name: ++depot+UE4-Releases+4.9
[2015.10.02-16.31.09:692][  0]LogInit: Command line:  
[2015.10.02-16.31.09:692][  0]LogInit: Base directory: C:/Program Files/Epic Games/4.9/Engine/Binaries/Win64/
[2015.10.02-16.31.09:692][  0]LogInit: Rocket: 1
[2015.10.02-16.31.09:704][  0]LogInit: Using libcurl 7.41.0
[2015.10.02-16.31.09:704][  0]LogInit:  - built for x86_64-pc-win32
[2015.10.02-16.31.09:704][  0]LogInit:  - supports SSL with WinSSL
[2015.10.02-16.31.09:704][  0]LogInit:  - other features:
[2015.10.02-16.31.09:704][  0]LogInit:      CURL_VERSION_SSL
[2015.10.02-16.31.09:704][  0]LogInit:      CURL_VERSION_IPV6
[2015.10.02-16.31.09:704][  0]LogInit:      CURL_VERSION_ASYNCHDNS
[2015.10.02-16.31.09:704][  0]LogInit:      CURL_VERSION_LARGEFILE
[2015.10.02-16.31.09:704][  0]LogInit:      CURL_VERSION_IDN
[2015.10.02-16.31.09:704][  0]LogInit:  CurlRequestOptions (configurable via config and command line):
[2015.10.02-16.31.09:704][  0]LogInit:  - bVerifyPeer = true  - Libcurl will verify peer certificate
[2015.10.02-16.31.09:704][  0]LogInit:  - bUseHttpProxy = false  - Libcurl will NOT use HTTP proxy
[2015.10.02-16.31.09:704][  0]LogInit:  - bDontReuseConnections = false  - Libcurl will reuse connections
[2015.10.02-16.31.09:704][  0]LogInit:  - CertBundlePath = nullptr  - Libcurl will use whatever was configured at build time.
[2015.10.02-16.31.09:712][  0]LogInit: Presizing for 0 objects not considered by GC, pre-allocating 0 bytes.
[2015.10.02-16.31.09:721][  0]LogInit: Object subsystem initialized
[2015.10.02-16.31.09:722][  0]LogInit: Selected Device Profile: [Windows]
[2015.10.02-16.31.09:722][  0]LogInit: Applying CVar settings loaded from the selected device profile: [Windows]
[2015.10.02-16.31.09:738][  0]LogInit: Computer: QUIIN
[2015.10.02-16.31.09:738][  0]LogInit: User: Quiin
[2015.10.02-16.31.09:738][  0]LogInit: CPU Page size=4096, Cores=4
[2015.10.02-16.31.09:738][  0]LogInit: High frequency timer resolution =2.435777 MHz
[2015.10.02-16.31.09:738][  0]LogMemory: Memory total: Physical=7.9GB (8GB approx)
[2015.10.02-16.31.09:738][  0]LogMemory: Platform Memory Stats for Windows
[2015.10.02-16.31.09:738][  0]LogMemory: Process Physical Memory: 53.82 MB used, 53.82 MB peak
[2015.10.02-16.31.09:738][  0]LogMemory: Process Virtual Memory: 57.24 MB used, 57.24 MB peak
[2015.10.02-16.31.09:738][  0]LogMemory: Physical Memory: 3810.80 MB used, 8104.27 MB total
[2015.10.02-16.31.09:738][  0]LogMemory: Virtual Memory: 366.31 MB used, 134217728.00 MB total
[2015.10.02-16.31.09:779][  0]LogTextLocalizationManager: No specific translations for ('en-US') exist, so ('en') translations will be used.
[2015.10.02-16.31.10:712][  0]LogD3D11RHI: Found D3D11 adapter 0: NVIDIA GeForce GTX 860M  (Feature Level 11_0)
[2015.10.02-16.31.10:712][  0]LogD3D11RHI: Adapter has 1995MB of dedicated video memory, 0MB of dedicated system memory, and 4052MB of shared system memory, 1 output[s]
[2015.10.02-16.31.10:719][  0]LogD3D11RHI: Found D3D11 adapter 1: Intel(R) HD Graphics 4600 (Feature Level 11_0)
[2015.10.02-16.31.10:719][  0]LogD3D11RHI: Adapter has 112MB of dedicated video memory, 0MB of dedicated system memory, and 4052MB of shared system memory, 0 output[s]
[2015.10.02-16.31.10:721][  0]LogD3D11RHI: Found D3D11 adapter 2: Microsoft Basic Render Driver (Feature Level 11_0)
[2015.10.02-16.31.10:721][  0]LogD3D11RHI: Adapter has 0MB of dedicated video memory, 0MB of dedicated system memory, and 4052MB of shared system memory, 0 output[s]
[2015.10.02-16.31.10:721][  0]LogD3D11RHI: Chosen D3D11 Adapter Id = 0
[2015.10.02-16.31.10:726][  0]LogD3D11RHI: !Direct3DDevice
[2015.10.02-16.31.10:726][  0]LogRHI: Texture pool is 1361 MB (70% of 1945 MB)
[2015.10.02-16.31.10:742][  0]LogD3D11RHI: Async texture creation enabled
[2015.10.02-16.31.10:756][  0]LogShaderCompilers: Guid format shader working directory is 15 characters bigger than the processId version (../../../../../../Users/Quiin/Documents/Unreal Projects/Trippy-Hector/Intermediate/Shaders/WorkingDirectory/5356/).
[2015.10.02-16.31.10:756][  0]LogShaderCompilers: Cleaned the shader compiler working directory '../../../../../../Users/Quiin/Documents/Unreal Projects/Trippy-Hector/Intermediate/Shaders/tmp/B461D6A14C5E1AC04A49F484EB1356D0/'.
[2015.10.02-16.31.10:756][  0]LogShaderCompilers:Display: Using Local Shader Compiler.
[2015.10.02-16.31.12:201][  0]LogTemp:Display: Loaded TP AllDesktopTargetPlatform
[2015.10.02-16.31.12:207][  0]LogTemp:Display: Loaded TP WindowsClientTargetPlatform
[2015.10.02-16.31.12:213][  0]LogTemp:Display: Loaded TP WindowsNoEditorTargetPlatform
[2015.10.02-16.31.12:219][  0]LogTemp:Display: Loaded TP WindowsServerTargetPlatform
[2015.10.02-16.31.12:225][  0]LogTemp:Display: Loaded TP WindowsTargetPlatform
[2015.10.02-16.31.12:230][  0]LogTemp:Display: Loaded TP AndroidTargetPlatform
[2015.10.02-16.31.12:234][  0]LogTemp:Display: Loaded TP Android_ASTCTargetPlatform
[2015.10.02-16.31.12:238][  0]LogTemp:Display: Loaded TP Android_ATCTargetPlatform
[2015.10.02-16.31.12:242][  0]LogTemp:Display: Loaded TP Android_DXTTargetPlatform
[2015.10.02-16.31.12:246][  0]LogTemp:Display: Loaded TP Android_ETC1TargetPlatform
[2015.10.02-16.31.12:250][  0]LogTemp:Display: Loaded TP Android_ETC2TargetPlatform
[2015.10.02-16.31.12:254][  0]LogTemp:Display: Loaded TP Android_PVRTCTargetPlatform
[2015.10.02-16.31.12:254][  0]LogTemp:Display: Loaded TP HTML5TargetPlatform
[2015.10.02-16.31.12:274][  0]LogTemp:Display: Loaded TP IOSTargetPlatform
[2015.10.02-16.31.12:277][  0]LogTemp:Display: Loaded TP LinuxNoEditorTargetPlatform
[2015.10.02-16.31.12:281][  0]LogTemp:Display: Loaded TP LinuxServerTargetPlatform
[2015.10.02-16.31.12:286][  0]LogTemp:Display: Loaded TP LinuxTargetPlatform
[2015.10.02-16.31.12:286][  0]LogTargetPlatformManager:Display: Building Assets For Windows
[2015.10.02-16.31.12:406][  0]LogDerivedDataCache:Display: Max Cache Size: 512 MB
[2015.10.02-16.31.12:857][  0]LogDerivedDataCache: Loaded boot cache 0.45s 41MB C:/Users/Quiin/AppData/Local/UnrealEngine/4.9/DerivedDataCache/Boot.ddc.
[2015.10.02-16.31.12:857][  0]LogDerivedDataCache:Display: Loaded Boot cache: C:/Users/Quiin/AppData/Local/UnrealEngine/4.9/DerivedDataCache/Boot.ddc
[2015.10.02-16.31.12:858][  0]LogDerivedDataCache: FDerivedDataBackendGraph:  Pak pak cache file ../../../../../../Users/Quiin/Documents/Unreal Projects/Trippy-Hector/DerivedDataCache/DDC.ddp not found, will not use a pak cache.
[2015.10.02-16.31.12:858][  0]LogDerivedDataCache: Unable to find inner node Pak for hierarchical cache Hierarchy.
[2015.10.02-16.31.12:858][  0]LogDerivedDataCache: FDerivedDataBackendGraph:  CompressedPak pak cache file ../../../../../../Users/Quiin/Documents/Unreal Projects/Trippy-Hector/DerivedDataCache/Compressed.ddp not found, will not use a pak cache.
[2015.10.02-16.31.12:858][  0]LogDerivedDataCache: Unable to find inner node CompressedPak for hierarchical cache Hierarchy.
[2015.10.02-16.31.13:036][  0]LogDerivedDataCache:Display: Pak cache opened for reading ../../../Engine/DerivedDataCache/Compressed.ddp.
[2015.10.02-16.31.13:048][  0]LogDerivedDataCache: Using Local data cache path C:/Users/Quiin/AppData/Local/UnrealEngine/Common/DerivedDataCache: Writable
[2015.10.02-16.31.13:244][  0]LogInit: Selected Device Profile: [Windows]
[2015.10.02-16.31.13:247][  0]LogContentStreaming: Texture pool size is 0.000000MB
[2015.10.02-16.31.13:393][  0]LogMeshUtilities: No automatic mesh reduction module available
[2015.10.02-16.31.13:393][  0]LogMeshUtilities: No automatic mesh merging module available
[2015.10.02-16.31.13:673][  0]LogInit: WinSock: version 1.1 (2.2), MaxSocks=32767, MaxUdp=65467
[2015.10.02-16.31.31:814][  0]UdpMessaging: Initializing bridge on interface 0.0.0.0:0 to multicast group 230.0.0.1:6666.
[2015.10.02-16.31.32:083][  0]LogAssetRegistry: FAssetRegistry took 0.0113 seconds to start up
[2015.10.02-16.31.32:291][  0]SourceControl: Info Source control is disabled
[2015.10.02-16.31.33:012][  0]LogLinker:Warning: Asset '../../../Engine/Plugins/Runtime/LeapMotionController/Content/LM_PassthroughMaterial.uasset' has been saved with empty engine version. The asset will be loaded but may be incompatible.
[2015.10.02-16.31.33:096][  0]LogObj: 28361 objects as part of root set at end of initial load.
[2015.10.02-16.31.33:096][  0]LogUObjectAllocator: 6038872 out of 0 bytes used by permanent object pool.
[2015.10.02-16.31.33:254][  0]LogEngine: Initializing Engine...
[2015.10.02-16.31.33:257][  0]LogHMD: Can't find Oculus library dev build: is proper Runtime installed? Version: 0.7.0.0
[2015.10.02-16.31.33:257][  0]LogHMD: SteamVR failed to initialize.  Err: 110
[2015.10.02-16.31.33:405][  0]LogAIModule: Creating AISystem for world NewWorld
[2015.10.02-16.31.33:410][  0]LogInit: XAudio2 using 'Altavoces (Realtek High Definition Audio)' : 2 channels at 48 kHz using 32 bits per sample (channel mask 0x3)
[2015.10.02-16.31.33:423][  0]LogInit: FAudioDevice initialized.
[2015.10.02-16.31.33:450][  0]LogDerivedDataCache: Saved boot cache 0.03s 41MB C:/Users/Quiin/AppData/Local/UnrealEngine/4.9/DerivedDataCache/Boot.ddc.
[2015.10.02-16.31.33:456][  0]LogInit: Texture streaming: Enabled
[2015.10.02-16.31.33:463][  0]LogAnalytics: Creating configured Analytics provider AnalyticsET
[2015.10.02-16.31.33:463][  0]LogAnalytics: [UEEditor.Rocket.Release] APIServer = http://et2.epicgames.com/ET2/. AppVersion = 4.9.1-2689999+++depot+UE4-Releases+4.9
[2015.10.02-16.31.33:463][  0]LogAnalytics: [UEEditor.Rocket.Release] SetUserId 8464a0154692be69fcc5bd947abc987f|bfef9cc5c9db489cb2f031a861819abc|da4b7740-65b6-4330-97cf-04fec3ee4bee
[2015.10.02-16.31.33:463][  0]LogAnalytics: [UEEditor.Rocket.Release] AnalyticsET::StartSession
[2015.10.02-16.31.33:499][  0]LogInit: Transaction tracking system initialized
[2015.10.02-16.31.33:533][  0]BlueprintLog: New page: Editor Load
[2015.10.02-16.31.33:639][  0]LocalizationService: Info Localization service is disabled
[2015.10.02-16.31.33:855][  0]LogConsoleResponse:Display: 
[2015.10.02-16.31.33:982][  0]LogCook:Display: Done creating registry. It took  0.00s.
[2015.10.02-16.31.34:421][  0]LogFileCache: Scanning file cache for directory 'C:/Users/Quiin/Documents/Unreal Projects/Trippy-Hector/Content/' took 0.02s
[2015.10.02-16.31.49:139][  0]LogWindowsTextInputMethodSystem:Display: IME system now deactivated.
[2015.10.02-16.31.49:147][  0]LogWindowsTextInputMethodSystem:Display: IME system now deactivated.
[2015.10.02-16.31.49:226][  0]LogWindowsTextInputMethodSystem:Display: IME system now deactivated.
[2015.10.02-16.31.49:255][  0]LogWindowsTextInputMethodSystem:Display: IME system now deactivated.
[2015.10.02-16.31.49:256][  0]Cmd: MAP LOAD FILE="../../../../../../Users/Quiin/Documents/Unreal Projects/Trippy-Hector/Content/FirstPersonBP/Maps/FirstPersonExampleMap.umap" TEMPLATE=0 SHOWPROGRESS=1 FEATURELEVEL=3
[2015.10.02-16.31.49:256][  0]LogEditorServer:Warning: Can't find file '../../../../../../Users/Quiin/Documents/Unreal Projects/Trippy-Hector/Content/FirstPersonBP/Maps/FirstPersonExampleMap.umap'
[2015.10.02-16.31.49:256][  0]Cmd: MAP CHECKDEP NOCLEARLOG
[2015.10.02-16.31.49:333][  0]MapCheck: Info Map check complete: 0 Error(s), 0 Warning(s), took 76.994ms to complete.
[2015.10.02-16.31.49:333][  0]LogFileHelpers: Loading map 'FirstPersonExampleMap' took 0.078
[2015.10.02-16.31.49:336][  0]LogWindowsTextInputMethodSystem:Display: IME system now deactivated.
[2015.10.02-16.31.49:369][  0]LogCollectionManager: Loaded 0 collections in 0.002753 seconds
[2015.10.02-16.31.49:413][  0]LogFileCache: Scanning file cache for directory 'C:/Users/Quiin/Documents/Unreal Projects/Trippy-Hector/Saved/Collections/' took 0.01s
[2015.10.02-16.31.49:413][  0]LogFileCache: Scanning file cache for directory 'C:/Users/Quiin/Documents/Unreal Projects/Trippy-Hector/Content/Developers/Quiin/Collections/' took 0.01s
[2015.10.02-16.31.49:413][  0]LogFileCache: Scanning file cache for directory 'C:/Users/Quiin/Documents/Unreal Projects/Trippy-Hector/Content/Collections/' took 0.01s
[2015.10.02-16.31.49:413][  0]LogContentBrowser: Native class hierarchy populated in 0.0098 seconds. Added 1867 classes and 333 folders.
[2015.10.02-16.31.49:418][  0]LogCollectionManager: Rebuilt the GUID cache for 0 collections in 0.000003 seconds
[2015.10.02-16.31.49:428][  0]LogContentBrowser: Native class hierarchy updated for 'WidgetCarousel' in 0.0008 seconds. Added 0 classes and 0 folders.
[2015.10.02-16.31.50:701][  0]LogContentBrowser: Native class hierarchy updated for 'AddContentDialog' in 0.0006 seconds. Added 0 classes and 0 folders.
[2015.10.02-16.31.50:817][  0]LogContentBrowser: Native class hierarchy updated for 'SceneOutliner' in 0.0004 seconds. Added 1 classes and 2 folders.
[2015.10.02-16.31.50:910][  0]LogCrashTracker: Crashtracker disabled due to settings.
[2015.10.02-16.31.50:915][  0]LogUObjectGlobals:Warning: Failed to find object 'Class None.'
[2015.10.02-16.31.50:937][  0]LogStats:Warning: MetaData mismatch. Did you assign a stat to two groups? New //STATGROUP_Threads//SplashScreenThread///Thread_5d0_0///####STATCAT_Advanced#### old //STATGROUP_Threads//SplashScreenThread///Thread_23dc_0///####STATCAT_Advanced####
[2015.10.02-16.31.50:937][  0]LogLoad: Full Startup: 41.91 seconds (BP compile: 0.00 seconds)
[2015.10.02-16.31.50:986][  0]SourceControl: Info On branch master
[2015.10.02-16.31.50:986][  0]SourceControl: Info Your branch is ahead of 'origin/master' by 1 commit.
[2015.10.02-16.31.50:986][  0]SourceControl: Info   (use "git push" to publish your local commits)
[2015.10.02-16.31.50:986][  0]SourceControl: Info Changes to be committed:
[2015.10.02-16.31.50:986][  0]SourceControl: Info   (use "git reset HEAD <file>..." to unstage)
[2015.10.02-16.31.50:986][  0]SourceControl: Info 	deleted:    Content/FirstPersonBP/Maps/FirstPersonExampleMap.umap
[2015.10.02-16.31.50:986][  0]SourceControl: Info Changes not staged for commit:
[2015.10.02-16.31.50:986][  0]SourceControl: Info   (use "git add <file>..." to update what will be committed)
[2015.10.02-16.31.50:986][  0]SourceControl: Info   (use "git checkout -- <file>..." to discard changes in working directory)
[2015.10.02-16.31.50:986][  0]SourceControl: Info 	modified:   Config/DefaultInput.ini
[2015.10.02-16.31.50:986][  0]SourceControl: Info 	modified:   Content/FirstPersonBP/Blueprints/FirstPersonCharacter.uasset
[2015.10.02-16.31.50:986][  0]SourceControl: Info 	modified:   Content/Room1.umap
[2015.10.02-16.31.50:986][  0]SourceControl: Info 	modified:   Intermediate/CachedAssetRegistry.bin
[2015.10.02-16.31.50:986][  0]SourceControl: Info 	modified:   Intermediate/Config/CoalescedSourceConfigs/Engine.ini
[2015.10.02-16.31.50:986][  0]SourceControl: Info 	modified:   Intermediate/Config/CoalescedSourceConfigs/Game.ini
[2015.10.02-16.31.50:986][  0]SourceControl: Info 	modified:   Intermediate/Config/CoalescedSourceConfigs/Input.ini
[2015.10.02-16.31.50:986][  0]SourceControl: Info 	modified:   Saved/AutoScreenshot.png
[2015.10.02-16.31.50:986][  0]SourceControl: Info 	modified:   Saved/Autosaves/Game/Room1_Auto1.umap
[2015.10.02-16.31.50:986][  0]SourceControl: Info 	modified:   Saved/Config/Windows/Editor.ini
[2015.10.02-16.31.50:986][  0]SourceControl: Info 	modified:   Saved/Config/Windows/EditorPerProjectUserSettings.ini
[2015.10.02-16.31.50:986][  0]SourceControl: Info 	modified:   Saved/Config/Windows/Engine.ini
[2015.10.02-16.31.50:986][  0]SourceControl: Info 	modified:   Saved/Logs/TrippinHector.log
[2015.10.02-16.31.50:986][  0]SourceControl: Info Untracked files:
[2015.10.02-16.31.50:986][  0]SourceControl: Info   (use "git add <file>..." to include in what will be committed)
[2015.10.02-16.31.50:986][  0]SourceControl: Info 	Content/FirstPerson/Character/Materials/MaterialLayers/MAT_CLD.uasset
[2015.10.02-16.31.50:986][  0]SourceControl: Info 	Saved/Autosaves/Game/FirstPerson/
[2015.10.02-16.31.50:986][  0]SourceControl: Info 	Saved/Autosaves/Game/FirstPersonBP/
[2015.10.02-16.31.50:986][  0]SourceControl: Info 	Saved/Backup/FirstPersonCharacter_2015-10-01-21-10-29.uasset
[2015.10.02-16.31.50:986][  0]SourceControl: Info 	Saved/Backup/FirstPersonCharacter_2015-10-01-21-22-09.uasset
[2015.10.02-16.31.50:986][  0]SourceControl: Info 	Saved/Backup/FirstPersonCharacter_2015-10-01-21-34-22.uasset
[2015.10.02-16.31.50:986][  0]SourceControl: Info 	Saved/Backup/FirstPersonCharacter_2015-10-01-21-48-03.uasset
[2015.10.02-16.31.50:986][  0]SourceControl: Info 	Saved/Backup/FirstPersonCharacter_2015-10-01-21-55-13.uasset
[2015.10.02-16.31.50:986][  0]SourceControl: Info 	Saved/Backup/FirstPersonCharacter_2015-10-01-22-00-20.uasset
[2015.10.02-16.31.50:986][  0]SourceControl: Info 	Saved/Backup/FirstPersonCharacter_2015-10-02-09-26-27.uasset
[2015.10.02-16.31.50:986][  0]SourceControl: Info 	Saved/Backup/FirstPersonCharacter_2015-10-02-09-45-18.uasset
[2015.10.02-16.31.50:986][  0]SourceControl: Info 	Saved/Backup/FirstPersonCharacter_2015-10-02-10-08-58.uasset
[2015.10.02-16.31.50:986][  0]SourceControl: Info 	Saved/Backup/FirstPersonCharacter_2015-10-02-10-19-29.uasset
[2015.10.02-16.31.50:986][  0]SourceControl: Info 	Saved/Backup/FirstPersonCharacter_2015-10-02-10-41-42.uasset
[2015.10.02-16.31.50:986][  0]SourceControl: Info 	Saved/Backup/FirstPersonCharacter_2015-10-02-10-49-08.uasset
[2015.10.02-16.31.50:986][  0]SourceControl: Info 	Saved/Backup/FirstPersonCharacter_2015-10-02-10-56-31.uasset
[2015.10.02-16.31.50:986][  0]SourceControl: Info 	Saved/Backup/FirstPersonCharacter_2015-10-02-11-08-53.uasset
[2015.10.02-16.31.50:986][  0]SourceControl: Info 	Saved/Backup/Room1_2015-10-01-21-10-28.umap
[2015.10.02-16.31.50:986][  0]SourceControl: Info 	Saved/Backup/Room1_2015-10-01-21-48-03.umap
[2015.10.02-16.31.50:986][  0]SourceControl: Info 	Saved/Backup/Room1_2015-10-02-10-20-46.umap
[2015.10.02-16.31.50:986][  0]SourceControl: Info 	Saved/Logs/TrippinHector-backup-2015.10.01-20.55.39.log
[2015.10.02-16.31.50:986][  0]SourceControl: Info 	Saved/Logs/TrippinHector-backup-2015.10.02-09.10.30.log
[2015.10.02-16.31.50:986][  0]SourceControl: Info 	Saved/Logs/TrippinHector-backup-2015.10.02-10.14.21.log
[2015.10.02-16.31.50:986][  0]SourceControl: Info 	Saved/Logs/TrippinHector-backup-2015.10.02-10.27.56.log
[2015.10.02-16.31.50:986][  0]SourceControl: Info 	Saved/Logs/TrippinHector-backup-2015.10.02-11.31.09.log
[2015.10.02-16.31.50:986][  0]SourceControl: Info 	Saved/Logs/UE4CC-Windows-860FE4FE445E3016006A4EA368605A43/
[2015.10.02-16.31.50:986][  0]SourceControl: Info 	Saved/Logs/UE4CC-Windows-D951B2014AEC1D66C81C0CA541293F5E/
[2015.10.02-16.31.50:986][  0]SourceControl: Info 	Saved/Logs/UE4CC-Windows-E72AF94F48B79B193ABE8A9F3B0DBEC6/
[2015.10.02-16.31.50:987][  0]LogContentStreaming: Texture pool size now 1000 MB
[2015.10.02-16.31.51:141][  0]LogRenderer: Reallocating scene render targets to support 696x708 (Frame:2).
[2015.10.02-16.31.51:300][  2]LogAssetRegistry: Asset discovery search completed in 19.2283 seconds
[2015.10.02-16.31.51:300][  2]LogCollectionManager: Rebuilt the object cache for 0 collections in 0.000001 seconds (found 0 objects)
[2015.10.02-16.31.51:300][  2]LogCollectionManager: Fixed up redirectors for 0 collections in 0.000028 seconds (updated 0 objects)
[2015.10.02-16.31.54:091][256]LogLinker:Warning: Asset '../../../../../../Users/Quiin/Documents/Unreal Projects/Trippy-Hector/Content/FirstPersonBP/Blueprints/FirstPersonProjectile.uasset' has been saved with empty engine version. The asset will be loaded but may be incompatible.
[2015.10.02-16.31.54:094][256]LogLinker:Warning: Asset '../../../../../../Users/Quiin/Documents/Unreal Projects/Trippy-Hector/Content/FirstPerson/Meshes/FirstPersonProjectileMesh.uasset' has been saved with empty engine version. The asset will be loaded but may be incompatible.
[2015.10.02-16.31.54:455][256]LogLinker:Warning: Asset '../../../Engine/Content/ArtTools/RenderToTexture/Macros/RenderToTextureMacros.uasset' has been saved with empty engine version. The asset will be loaded but may be incompatible.
[2015.10.02-16.31.55:104][256]LogContentBrowser: Native class hierarchy updated for 'BlueprintGraph' in 0.0008 seconds. Added 107 classes and 0 folders.
[2015.10.02-16.32.15:987][296]LogMaterial: Missing cached shader map for material Material_0, compiling. 
[2015.10.02-16.32.16:066][297]LogMaterial: Missing cached shader map for material Material_1, compiling. 
[2015.10.02-16.32.16:096][298]LogMaterial: Missing cached shader map for material Material_2, compiling. 
[2015.10.02-16.32.16:131][299]LogMaterial: Missing cached shader map for material Material_3, compiling. 
[2015.10.02-16.32.17:476][390]LogMaterial: Missing cached shader map for material MAT_CLD, compiling. 
[2015.10.02-16.32.17:534][390]LogMaterial: Missing cached shader map for material MAT_CLD, compiling. 
[2015.10.02-16.32.17:673][390]LogMaterial: Missing cached shader map for material MAT_CLD, compiling. 
[2015.10.02-16.32.17:684][390]LogMaterial: 0.000080 seconds spent updating 1 materials, 1 interfaces, 0 instances, 0 with static permutations.
[2015.10.02-16.32.20:283][500]MaterialEditorStats: Info Base pass shader with only dynamic lighting: 31 instructions
[2015.10.02-16.32.20:283][500]MaterialEditorStats: Info Vertex shader: 31 instructions
[2015.10.02-16.32.20:283][500]MaterialEditorStats: Info Texture samplers: 0/16
[2015.10.02-16.32.56:497][962]LogMaterial: Missing cached shader map for material MAT_CLD, compiling. 
[2015.10.02-16.32.56:505][962]LogMaterial: 0.000062 seconds spent updating 1 materials, 1 interfaces, 0 instances, 0 with static permutations.
[2015.10.02-16.32.58:213][133]MaterialEditorStats: Info Base pass shader with only dynamic lighting: 31 instructions
[2015.10.02-16.32.58:213][133]MaterialEditorStats: Info Vertex shader: 31 instructions
[2015.10.02-16.32.58:213][133]MaterialEditorStats: Info Texture samplers: 0/16
[2015.10.02-16.33.00:029][304]LogMaterial: Missing cached shader map for material MAT_CLD, compiling. 
[2015.10.02-16.33.00:038][304]LogMaterial: 0.000088 seconds spent updating 1 materials, 1 interfaces, 0 instances, 0 with static permutations.
[2015.10.02-16.33.00:041][304]LogMaterial: Missing cached shader map for material MAT_CLD, compiling. 
[2015.10.02-16.33.00:048][304]LogMaterial: 0.000123 seconds spent updating 1 materials, 1 interfaces, 0 instances, 0 with static permutations.
[2015.10.02-16.33.01:236][413]MaterialEditorStats: Info Base pass shader with only dynamic lighting: 31 instructions
[2015.10.02-16.33.01:236][413]MaterialEditorStats: Info Vertex shader: 31 instructions
[2015.10.02-16.33.01:236][413]MaterialEditorStats: Info Texture samplers: 0/16
[2015.10.02-16.33.03:911][725]LogMaterial: Missing cached shader map for material MAT_CLD, compiling. 
[2015.10.02-16.33.03:920][725]LogMaterial: 0.000071 seconds spent updating 1 materials, 1 interfaces, 0 instances, 0 with static permutations.
[2015.10.02-16.33.03:923][725]LogMaterial: Missing cached shader map for material MAT_CLD, compiling. 
[2015.10.02-16.33.03:930][725]LogMaterial: 0.000085 seconds spent updating 1 materials, 1 interfaces, 0 instances, 0 with static permutations.
[2015.10.02-16.33.05:070][834]MaterialEditorStats: Info Base pass shader with only dynamic lighting: 31 instructions
[2015.10.02-16.33.05:070][834]MaterialEditorStats: Info Vertex shader: 31 instructions
[2015.10.02-16.33.05:070][834]MaterialEditorStats: Info Texture samplers: 0/16
[2015.10.02-16.33.06:291][975]LogMaterial: Missing cached shader map for material MAT_CLD, compiling. 
[2015.10.02-16.33.06:298][975]LogMaterial: 0.000130 seconds spent updating 1 materials, 1 interfaces, 0 instances, 0 with static permutations.
[2015.10.02-16.33.07:460][ 87]MaterialEditorStats: Info Base pass shader with only dynamic lighting: 31 instructions
[2015.10.02-16.33.07:460][ 87]MaterialEditorStats: Info Vertex shader: 31 instructions
[2015.10.02-16.33.07:460][ 87]MaterialEditorStats: Info Texture samplers: 0/16
[2015.10.02-16.33.10:344][423]LogMaterial: Missing cached shader map for material MAT_CLD, compiling. 
[2015.10.02-16.33.10:354][423]LogMaterial: 0.000086 seconds spent updating 1 materials, 1 interfaces, 0 instances, 0 with static permutations.
[2015.10.02-16.33.11:522][534]MaterialEditorStats: Info Base pass shader with only dynamic lighting: 31 instructions
[2015.10.02-16.33.11:522][534]MaterialEditorStats: Info Vertex shader: 31 instructions
[2015.10.02-16.33.11:522][534]MaterialEditorStats: Info Texture samplers: 0/16
[2015.10.02-16.33.13:312][729]LogMaterial: Missing cached shader map for material MAT_CLD, compiling. 
[2015.10.02-16.33.13:321][729]LogMaterial: 0.000097 seconds spent updating 1 materials, 1 interfaces, 0 instances, 0 with static permutations.
[2015.10.02-16.33.14:502][834]LogMaterial: Missing cached shader map for material MAT_CLD, compiling. 
[2015.10.02-16.33.14:511][834]LogMaterial: 0.000044 seconds spent updating 1 materials, 1 interfaces, 0 instances, 0 with static permutations.
[2015.10.02-16.33.14:635][845]MaterialEditorStats: Info Base pass shader with only dynamic lighting: 31 instructions
[2015.10.02-16.33.14:635][845]MaterialEditorStats: Info Vertex shader: 31 instructions
[2015.10.02-16.33.14:635][845]MaterialEditorStats: Info Texture samplers: 0/16
[2015.10.02-16.33.21:556][592]LogMaterial: Missing cached shader map for material Material_4, compiling. 
[2015.10.02-16.33.21:560][592]LogMaterial: 0.000025 seconds spent updating 1 materials, 1 interfaces, 0 instances, 0 with static permutations.
[2015.10.02-16.34.01:248][219]LogMaterial: Missing cached shader map for material Material_4, compiling. 
[2015.10.02-16.34.01:251][219]LogMaterial: 0.000086 seconds spent updating 1 materials, 1 interfaces, 0 instances, 0 with static permutations.
[2015.10.02-16.34.02:506][344]LogEditorTransaction: Undo Material Editor: New Expression
[2015.10.02-16.34.02:641][344]LogMaterial: Missing cached shader map for material MAT_CLD, compiling. 
[2015.10.02-16.34.02:665][344]LogMaterial: Missing cached shader map for material Material_4, compiling. 
[2015.10.02-16.34.02:669][344]LogMaterial: 0.000080 seconds spent updating 1 materials, 1 interfaces, 0 instances, 0 with static permutations.
[2015.10.02-16.34.04:097][434]MaterialEditorStats: Info Base pass shader with only dynamic lighting: 31 instructions
[2015.10.02-16.34.04:097][434]MaterialEditorStats: Info Vertex shader: 31 instructions
[2015.10.02-16.34.04:097][434]MaterialEditorStats: Info Texture samplers: 0/16
[2015.10.02-16.34.13:520][365]LogMaterial: Missing cached shader map for material Material_4, compiling. 
[2015.10.02-16.34.13:525][365]LogMaterial: 0.000079 seconds spent updating 1 materials, 1 interfaces, 0 instances, 0 with static permutations.
[2015.10.02-16.34.13:527][365]LogMaterial: Missing cached shader map for material Material_4, compiling. 
[2015.10.02-16.34.13:530][365]LogMaterial: 0.000025 seconds spent updating 1 materials, 1 interfaces, 0 instances, 0 with static permutations.
[2015.10.02-16.34.15:209][560]LogMaterial: Missing cached shader map for material Material_4, compiling. 
[2015.10.02-16.34.15:212][560]LogMaterial: 0.000142 seconds spent updating 1 materials, 1 interfaces, 0 instances, 0 with static permutations.
[2015.10.02-16.34.18:238][908]LogMaterial: Missing cached shader map for material Material_4, compiling. 
[2015.10.02-16.34.18:242][908]LogMaterial: 0.000140 seconds spent updating 1 materials, 1 interfaces, 0 instances, 0 with static permutations.
[2015.10.02-16.34.18:244][908]LogMaterial: Missing cached shader map for material Material_4, compiling. 
[2015.10.02-16.34.18:247][908]LogMaterial: 0.000119 seconds spent updating 1 materials, 1 interfaces, 0 instances, 0 with static permutations.
[2015.10.02-16.34.19:698][ 75]LogMaterial: Missing cached shader map for material Material_4, compiling. 
[2015.10.02-16.34.19:701][ 75]LogMaterial: 0.000063 seconds spent updating 1 materials, 1 interfaces, 0 instances, 0 with static permutations.
[2015.10.02-16.34.33:613][431]LogMaterial: Missing cached shader map for material Material_4, compiling. 
[2015.10.02-16.34.33:616][431]LogMaterial: 0.000079 seconds spent updating 1 materials, 1 interfaces, 0 instances, 0 with static permutations.
[2015.10.02-16.34.33:618][431]LogMaterial: Missing cached shader map for material Material_4, compiling. 
[2015.10.02-16.34.33:624][431]LogMaterial: 0.000029 seconds spent updating 1 materials, 1 interfaces, 0 instances, 0 with static permutations.
[2015.10.02-16.34.35:831][669]LogMaterial: Missing cached shader map for material Material_4, compiling. 
[2015.10.02-16.34.35:835][669]LogMaterial: 0.000147 seconds spent updating 1 materials, 1 interfaces, 0 instances, 0 with static permutations.
[2015.10.02-16.34.38:849][  4]LogMaterial: Missing cached shader map for material Material_4, compiling. 
[2015.10.02-16.34.38:855][  4]LogMaterial: 0.000077 seconds spent updating 1 materials, 1 interfaces, 0 instances, 0 with static permutations.
[2015.10.02-16.34.38:857][  4]LogMaterial: Missing cached shader map for material Material_4, compiling. 
[2015.10.02-16.34.38:861][  4]LogMaterial: 0.000079 seconds spent updating 1 materials, 1 interfaces, 0 instances, 0 with static permutations.
[2015.10.02-16.34.41:207][259]LogMaterial: Missing cached shader map for material Material_4, compiling. 
[2015.10.02-16.34.41:211][259]LogMaterial: 0.000129 seconds spent updating 1 materials, 1 interfaces, 0 instances, 0 with static permutations.
[2015.10.02-16.34.59:561][334]LogMaterial: Missing cached shader map for material Material_4, compiling. 
[2015.10.02-16.34.59:566][334]LogMaterial: 0.000050 seconds spent updating 1 materials, 1 interfaces, 0 instances, 0 with static permutations.
[2015.10.02-16.34.59:568][334]LogMaterial: Missing cached shader map for material Material_4, compiling. 
[2015.10.02-16.34.59:571][334]LogMaterial: 0.000069 seconds spent updating 1 materials, 1 interfaces, 0 instances, 0 with static permutations.
[2015.10.02-16.35.02:327][637]LogMaterial: Missing cached shader map for material Material_4, compiling. 
[2015.10.02-16.35.02:333][637]LogMaterial: 0.000110 seconds spent updating 1 materials, 1 interfaces, 0 instances, 0 with static permutations.
[2015.10.02-16.35.04:319][855]LogMaterial: Missing cached shader map for material Material_4, compiling. 
[2015.10.02-16.35.04:322][855]LogMaterial: 0.000041 seconds spent updating 1 materials, 1 interfaces, 0 instances, 0 with static permutations.
[2015.10.02-16.35.08:540][337]LogMaterial: Missing cached shader map for material Material_4, compiling. 
[2015.10.02-16.35.08:543][337]LogMaterial: 0.000068 seconds spent updating 1 materials, 1 interfaces, 0 instances, 0 with static permutations.
[2015.10.02-16.35.09:349][414]LogEditorTransaction: Undo Material Editor: New Expression
[2015.10.02-16.35.09:354][414]LogMaterial: Missing cached shader map for material MAT_CLD, compiling. 
[2015.10.02-16.35.09:382][414]LogMaterial: Missing cached shader map for material Material_4, compiling. 
[2015.10.02-16.35.09:386][414]LogMaterial: 0.000077 seconds spent updating 1 materials, 1 interfaces, 0 instances, 0 with static permutations.
[2015.10.02-16.35.10:898][508]MaterialEditorStats: Info Base pass shader with only dynamic lighting: 31 instructions
[2015.10.02-16.35.10:898][508]MaterialEditorStats: Info Vertex shader: 31 instructions
[2015.10.02-16.35.10:898][508]MaterialEditorStats: Info Texture samplers: 0/16
[2015.10.02-16.35.15:673][ 69]LogMaterial: Missing cached shader map for material Material_4, compiling. 
[2015.10.02-16.35.15:677][ 69]LogMaterial: 0.000088 seconds spent updating 1 materials, 1 interfaces, 0 instances, 0 with static permutations.
[2015.10.02-16.35.22:823][846]LogMaterial: Missing cached shader map for material Material_4, compiling. 
[2015.10.02-16.35.22:827][846]LogMaterial: 0.000125 seconds spent updating 1 materials, 1 interfaces, 0 instances, 0 with static permutations.
[2015.10.02-16.35.34:503][673]LogMaterial: Missing cached shader map for material Material_4, compiling. 
[2015.10.02-16.35.34:507][673]LogMaterial: 0.000161 seconds spent updating 1 materials, 1 interfaces, 0 instances, 0 with static permutations.
[2015.10.02-16.35.36:519][888]LogMaterial: Missing cached shader map for material Material_4, compiling. 
[2015.10.02-16.35.36:522][888]LogMaterial: 0.000062 seconds spent updating 1 materials, 1 interfaces, 0 instances, 0 with static permutations.
[2015.10.02-16.35.36:541][888]LogMaterial: Missing cached shader map for material Material_4, compiling. 
[2015.10.02-16.35.36:546][888]LogMaterial: 0.000099 seconds spent updating 1 materials, 1 interfaces, 0 instances, 0 with static permutations.
[2015.10.02-16.35.46:686][963]LogMaterial: Missing cached shader map for material Material_4, compiling. 
[2015.10.02-16.35.46:689][963]LogMaterial: 0.000104 seconds spent updating 1 materials, 1 interfaces, 0 instances, 0 with static permutations.
[2015.10.02-16.35.54:429][787]LogMaterial: Missing cached shader map for material Material_4, compiling. 
[2015.10.02-16.35.54:432][787]LogMaterial: 0.000076 seconds spent updating 1 materials, 1 interfaces, 0 instances, 0 with static permutations.
[2015.10.02-16.36.01:052][465]LogMaterial: Missing cached shader map for material Material_4, compiling. 
[2015.10.02-16.36.01:056][465]LogMaterial: 0.000181 seconds spent updating 1 materials, 1 interfaces, 0 instances, 0 with static permutations.
[2015.10.02-16.36.07:783][175]LogMaterial: Missing cached shader map for material Material_4, compiling. 
[2015.10.02-16.36.07:786][175]LogMaterial: 0.000132 seconds spent updating 1 materials, 1 interfaces, 0 instances, 0 with static permutations.
[2015.10.02-16.36.09:333][333]LogMaterial: Missing cached shader map for material Material_4, compiling. 
[2015.10.02-16.36.09:337][333]LogMaterial: 0.000164 seconds spent updating 1 materials, 1 interfaces, 0 instances, 0 with static permutations.
[2015.10.02-16.36.16:473][ 48]LogProperty:Warning: ObjectProperty /Script/Engine.EdGraphPin:LinkedTo.LinkedTo: unresolved reference to 'EdGraphPin'MaterialGraphNode_10.EdGraphPin_21971''
[2015.10.02-16.36.16:474][ 48]LogProperty:Warning: ObjectProperty /Script/Engine.ExpressionInput:Expression: unresolved reference to 'MaterialExpressionStaticSwitchParameter'MaterialGraphNode_10.MaterialExpressionStaticSwitchParameter_1')'
[2015.10.02-16.36.16:475][ 48]LogProperty:Warning: ObjectProperty /Script/Engine.EdGraphPin:LinkedTo.LinkedTo: unresolved reference to 'EdGraphPin'MaterialGraphNode_12.EdGraphPin_21974''
[2015.10.02-16.36.16:475][ 48]LogProperty:Warning: ObjectProperty /Script/Engine.EdGraphPin:LinkedTo.LinkedTo: unresolved reference to 'EdGraphPin'MaterialGraphNode_13.EdGraphPin_21973''
[2015.10.02-16.36.16:475][ 48]LogProperty:Warning: ObjectProperty /Script/Engine.ExpressionInput:Expression: unresolved reference to 'MaterialExpressionScalarParameter'MaterialGraphNode_13.MaterialExpressionScalarParameter_4')'
[2015.10.02-16.36.16:475][ 48]LogProperty:Warning: ObjectProperty /Script/Engine.ExpressionInput:Expression: unresolved reference to 'MaterialExpressionScalarParameter'MaterialGraphNode_12.MaterialExpressionScalarParameter_5')'
[2015.10.02-16.36.16:484][ 48]LogMaterial: Missing cached shader map for material Material_4, compiling. 
[2015.10.02-16.36.16:488][ 48]LogMaterial: 0.000045 seconds spent updating 1 materials, 1 interfaces, 0 instances, 0 with static permutations.
[2015.10.02-16.36.45:577][ 26]LogMaterial: Missing cached shader map for material Material_4, compiling. 
[2015.10.02-16.36.45:581][ 26]LogMaterial: 0.000402 seconds spent updating 1 materials, 1 interfaces, 0 instances, 0 with static permutations.
[2015.10.02-16.36.45:584][ 26]LogMaterial: Missing cached shader map for material Material_4, compiling. 
[2015.10.02-16.36.45:588][ 26]LogMaterial: 0.000087 seconds spent updating 1 materials, 1 interfaces, 0 instances, 0 with static permutations.
[2015.10.02-16.36.51:777][655]LogMaterial: Missing cached shader map for material Material_4, compiling. 
[2015.10.02-16.36.51:783][655]LogMaterial: 0.000076 seconds spent updating 1 materials, 1 interfaces, 0 instances, 0 with static permutations.
[2015.10.02-16.36.54:973][986]LogMaterial: Missing cached shader map for material Material_4, compiling. 
[2015.10.02-16.36.54:976][986]LogMaterial: 0.000060 seconds spent updating 1 materials, 1 interfaces, 0 instances, 0 with static permutations.
[2015.10.02-16.36.56:318][122]LogMaterial: Missing cached shader map for material Material_4, compiling. 
[2015.10.02-16.36.56:321][122]LogMaterial: 0.000126 seconds spent updating 1 materials, 1 interfaces, 0 instances, 0 with static permutations.
[2015.10.02-16.36.58:059][302]LogMaterial: Missing cached shader map for material Material_4, compiling. 
[2015.10.02-16.36.58:062][302]LogMaterial: 0.000099 seconds spent updating 1 materials, 1 interfaces, 0 instances, 0 with static permutations.
[2015.10.02-16.37.03:690][924]LogMaterial: Missing cached shader map for material Material_4, compiling. 
[2015.10.02-16.37.03:694][924]LogMaterial: 0.000143 seconds spent updating 1 materials, 1 interfaces, 0 instances, 0 with static permutations.
[2015.10.02-16.37.03:697][924]LogMaterial: Missing cached shader map for material Material_4, compiling. 
[2015.10.02-16.37.03:701][924]LogMaterial: 0.000066 seconds spent updating 1 materials, 1 interfaces, 0 instances, 0 with static permutations.
[2015.10.02-16.37.05:717][139]LogMaterial: Missing cached shader map for material Material_4, compiling. 
[2015.10.02-16.37.05:720][139]LogMaterial: 0.000150 seconds spent updating 1 materials, 1 interfaces, 0 instances, 0 with static permutations.
[2015.10.02-16.37.07:652][347]LogMaterial: Missing cached shader map for material Material_4, compiling. 
[2015.10.02-16.37.07:655][347]LogMaterial: 0.000064 seconds spent updating 1 materials, 1 interfaces, 0 instances, 0 with static permutations.
[2015.10.02-16.37.52:872][468]LogMaterial: Missing cached shader map for material Material_4, compiling. 
[2015.10.02-16.37.52:875][468]LogMaterial: 0.000087 seconds spent updating 1 materials, 1 interfaces, 0 instances, 0 with static permutations.
[2015.10.02-16.37.56:849][908]LogMaterial: Missing cached shader map for material Material_4, compiling. 
[2015.10.02-16.37.56:853][908]LogMaterial: 0.000154 seconds spent updating 1 materials, 1 interfaces, 0 instances, 0 with static permutations.
[2015.10.02-16.38.31:094][875]LogMaterial: Missing cached shader map for material Material_4, compiling. 
[2015.10.02-16.38.31:098][875]LogMaterial: 0.000211 seconds spent updating 1 materials, 1 interfaces, 0 instances, 0 with static permutations.
[2015.10.02-16.38.35:603][379]LogMaterial: Missing cached shader map for material Material_4, compiling. 
[2015.10.02-16.38.35:607][379]LogMaterial: 0.000036 seconds spent updating 1 materials, 1 interfaces, 0 instances, 0 with static permutations.
[2015.10.02-16.38.38:850][733]LogMaterial: Missing cached shader map for material Material_4, compiling. 
[2015.10.02-16.38.38:854][733]LogMaterial: 0.000073 seconds spent updating 1 materials, 1 interfaces, 0 instances, 0 with static permutations.
[2015.10.02-16.38.41:041][971]LogMaterial: Missing cached shader map for material Material_4, compiling. 
[2015.10.02-16.38.41:045][971]LogMaterial: 0.000153 seconds spent updating 1 materials, 1 interfaces, 0 instances, 0 with static permutations.
[2015.10.02-16.38.41:064][971]LogMaterial: Missing cached shader map for material Material_4, compiling. 
[2015.10.02-16.38.41:068][971]LogMaterial: 0.000066 seconds spent updating 1 materials, 1 interfaces, 0 instances, 0 with static permutations.
[2015.10.02-16.38.45:189][406]LogMaterial: Missing cached shader map for material Material_4, compiling. 
[2015.10.02-16.38.45:192][406]LogMaterial: 0.000074 seconds spent updating 1 materials, 1 interfaces, 0 instances, 0 with static permutations.
[2015.10.02-16.38.50:370][973]LogMaterial: Missing cached shader map for material Material_4, compiling. 
[2015.10.02-16.38.50:373][973]LogMaterial: 0.000142 seconds spent updating 1 materials, 1 interfaces, 0 instances, 0 with static permutations.
[2015.10.02-16.39.02:887][343]LogMaterial: Missing cached shader map for material Material_4, compiling. 
[2015.10.02-16.39.02:891][343]LogMaterial: 0.000103 seconds spent updating 1 materials, 1 interfaces, 0 instances, 0 with static permutations.
[2015.10.02-16.39.02:893][343]LogMaterial: Missing cached shader map for material Material_4, compiling. 
[2015.10.02-16.39.02:898][343]LogMaterial: 0.000055 seconds spent updating 1 materials, 1 interfaces, 0 instances, 0 with static permutations.
[2015.10.02-16.39.05:340][605]LogMaterial: Missing cached shader map for material Material_4, compiling. 
[2015.10.02-16.39.05:345][605]LogMaterial: 0.000071 seconds spent updating 1 materials, 1 interfaces, 0 instances, 0 with static permutations.
[2015.10.02-16.39.08:069][906]LogMaterial: Missing cached shader map for material Material_4, compiling. 
[2015.10.02-16.39.08:072][906]LogMaterial: 0.000071 seconds spent updating 1 materials, 1 interfaces, 0 instances, 0 with static permutations.
[2015.10.02-16.39.08:090][906]LogMaterial: Missing cached shader map for material Material_4, compiling. 
[2015.10.02-16.39.08:095][906]LogMaterial: 0.000054 seconds spent updating 1 materials, 1 interfaces, 0 instances, 0 with static permutations.
[2015.10.02-16.39.11:121][216]LogMaterial: Missing cached shader map for material Material_4, compiling. 
[2015.10.02-16.39.11:125][216]LogMaterial: 0.000198 seconds spent updating 1 materials, 1 interfaces, 0 instances, 0 with static permutations.
[2015.10.02-16.39.19:340][123]LogMaterial: Missing cached shader map for material Material_4, compiling. 
[2015.10.02-16.39.19:344][123]LogMaterial: 0.000156 seconds spent updating 1 materials, 1 interfaces, 0 instances, 0 with static permutations.
[2015.10.02-16.39.26:405][854]LogMaterial: Missing cached shader map for material Material_4, compiling. 
[2015.10.02-16.39.26:409][854]LogMaterial: 0.000109 seconds spent updating 1 materials, 1 interfaces, 0 instances, 0 with static permutations.
[2015.10.02-16.39.39:648][311]LogMaterial: Missing cached shader map for material Material_4, compiling. 
[2015.10.02-16.39.39:651][311]LogMaterial: 0.000070 seconds spent updating 1 materials, 1 interfaces, 0 instances, 0 with static permutations.
[2015.10.02-16.39.42:649][616]LogMaterial: Missing cached shader map for material Material_4, compiling. 
[2015.10.02-16.39.42:653][616]LogMaterial: 0.000111 seconds spent updating 1 materials, 1 interfaces, 0 instances, 0 with static permutations.
[2015.10.02-16.39.46:843][ 58]LogMaterial: Missing cached shader map for material Material_4, compiling. 
[2015.10.02-16.39.46:847][ 58]LogMaterial: 0.000068 seconds spent updating 1 materials, 1 interfaces, 0 instances, 0 with static permutations.
[2015.10.02-16.39.55:175][957]LogMaterial: Missing cached shader map for material Material_4, compiling. 
[2015.10.02-16.39.55:178][957]LogMaterial: 0.000071 seconds spent updating 1 materials, 1 interfaces, 0 instances, 0 with static permutations.
[2015.10.02-16.39.59:100][374]LogMaterial: Missing cached shader map for material Material_4, compiling. 
[2015.10.02-16.39.59:106][374]LogMaterial: 0.000177 seconds spent updating 1 materials, 1 interfaces, 0 instances, 0 with static permutations.
[2015.10.02-16.40.07:196][253]LogMaterial: Missing cached shader map for material Material_4, compiling. 
[2015.10.02-16.40.07:201][253]LogMaterial: 0.000210 seconds spent updating 1 materials, 1 interfaces, 0 instances, 0 with static permutations.
[2015.10.02-16.40.09:255][467]LogMaterial: Missing cached shader map for material Material_4, compiling. 
[2015.10.02-16.40.09:259][467]LogMaterial: 0.000090 seconds spent updating 1 materials, 1 interfaces, 0 instances, 0 with static permutations.
[2015.10.02-16.40.13:322][905]LogMaterial: Missing cached shader map for material Material_4, compiling. 
[2015.10.02-16.40.13:325][905]LogMaterial: 0.000096 seconds spent updating 1 materials, 1 interfaces, 0 instances, 0 with static permutations.
[2015.10.02-16.40.57:830][483]LogWindows:Error: Windows GetLastError: The operation completed successfully. (0)
[2015.10.02-16.40.58:078][483]LogCrashTracker: 


[2015.10.02-16.40.58:078][483]LogCrashTracker: 


[2015.10.02-16.40.58:078][483]LogWindows: === Critical error: ===
Assertion failed: IsValid() [File:D:\BuildFarm\buildmachine_++depot+UE4-Releases+4.9\Engine\Source\Runtime\Core\Public\Templates\SharedPointer.h] [Line: 708] 





[2015.10.02-16.40.58:229][483]LogExit: Executing StaticShutdownAfterError
[2015.10.02-16.40.58:235][483]LogPhysics:Warning: PHYSX: ..\..\PhysX\src\NpScene.cpp (2946) 8 : PxScene::unlockWrite() called without matching call to PxScene::lockWrite(), behaviour will be undefined.
[2015.10.02-16.40.58:235][483]LogPhysics:Warning: PHYSX: ..\..\PhysX\src\NpScene.cpp (2946) 8 : PxScene::unlockWrite() called without matching call to PxScene::lockWrite(), behaviour will be undefined.
[2015.10.02-16.40.58:235][483]LogPhysics:Warning: PHYSX: ..\..\PhysX\src\NpScene.cpp (2946) 8 : PxScene::unlockWrite() called without matching call to PxScene::lockWrite(), behaviour will be undefined.
[2015.10.02-16.40.58:235][483]LogPhysics:Warning: PHYSX: ..\..\PhysX\src\NpScene.cpp (2946) 8 : PxScene::unlockWrite() called without matching call to PxScene::lockWrite(), behaviour will be undefined.
[2015.10.02-16.40.58:235][483]LogPhysics:Warning: PHYSX: ..\..\PhysX\src\NpScene.cpp (2946) 8 : PxScene::unlockWrite() called without matching call to PxScene::lockWrite(), behaviour will be undefined.
[2015.10.02-16.40.58:236][483]LogPhysics:Warning: PHYSX: ..\..\PhysX\src\NpScene.cpp (2946) 8 : PxScene::unlockWrite() called without matching call to PxScene::lockWrite(), behaviour will be undefined.
[2015.10.02-16.40.58:236][483]LogWindows: FPlatformMisc::RequestExit(1)
[2015.10.02-16.40.58:236][483]Log file closed, 10/02/15 11:40:58
