[2015.10.02-20.17.13:814][  0]Log file open, 10/02/15 15:17:13
[2015.10.02-20.17.13:814][  0]LogInit:Display: Running engine for game: TrippinHector
[2015.10.02-20.17.13:814][  0]LogInit:Display: RandInit(14601201) SRandInit(14601202).
[2015.10.02-20.17.13:814][  0]LogTaskGraph: Started task graph with 4 named threads and 7 total threads.
[2015.10.02-20.17.13:814][  0]LogStats: Stats thread started at 0.591300
[2015.10.02-20.17.13:814][  0]LogInit: Version: 4.9.1-2689999+++depot+UE4-Releases+4.9
[2015.10.02-20.17.13:815][  0]LogInit: API Version: 2672455
[2015.10.02-20.17.13:815][  0]LogInit: Compiled (64-bit): Sep 14 2015 04:12:03
[2015.10.02-20.17.13:815][  0]LogInit: Compiled with Visual C++: 18.00.21005.01
[2015.10.02-20.17.13:815][  0]LogInit: Build Configuration: Development
[2015.10.02-20.17.13:815][  0]LogInit: Branch Name: ++depot+UE4-Releases+4.9
[2015.10.02-20.17.13:815][  0]LogInit: Command line:  
[2015.10.02-20.17.13:815][  0]LogInit: Base directory: C:/Program Files/Epic Games/4.9/Engine/Binaries/Win64/
[2015.10.02-20.17.13:815][  0]LogInit: Rocket: 1
[2015.10.02-20.17.13:917][  0]LogInit: Using libcurl 7.41.0
[2015.10.02-20.17.13:917][  0]LogInit:  - built for x86_64-pc-win32
[2015.10.02-20.17.13:917][  0]LogInit:  - supports SSL with WinSSL
[2015.10.02-20.17.13:917][  0]LogInit:  - other features:
[2015.10.02-20.17.13:917][  0]LogInit:      CURL_VERSION_SSL
[2015.10.02-20.17.13:917][  0]LogInit:      CURL_VERSION_IPV6
[2015.10.02-20.17.13:917][  0]LogInit:      CURL_VERSION_ASYNCHDNS
[2015.10.02-20.17.13:917][  0]LogInit:      CURL_VERSION_LARGEFILE
[2015.10.02-20.17.13:917][  0]LogInit:      CURL_VERSION_IDN
[2015.10.02-20.17.13:918][  0]LogInit:  CurlRequestOptions (configurable via config and command line):
[2015.10.02-20.17.13:918][  0]LogInit:  - bVerifyPeer = true  - Libcurl will verify peer certificate
[2015.10.02-20.17.13:918][  0]LogInit:  - bUseHttpProxy = false  - Libcurl will NOT use HTTP proxy
[2015.10.02-20.17.13:918][  0]LogInit:  - bDontReuseConnections = false  - Libcurl will reuse connections
[2015.10.02-20.17.13:918][  0]LogInit:  - CertBundlePath = nullptr  - Libcurl will use whatever was configured at build time.
[2015.10.02-20.17.14:104][  0]LogInit: Presizing for 0 objects not considered by GC, pre-allocating 0 bytes.
[2015.10.02-20.17.14:127][  0]LogInit: Object subsystem initialized
[2015.10.02-20.17.14:132][  0]LogInit: Selected Device Profile: [Windows]
[2015.10.02-20.17.14:132][  0]LogInit: Applying CVar settings loaded from the selected device profile: [Windows]
[2015.10.02-20.17.14:179][  0]LogInit: Computer: QUIIN
[2015.10.02-20.17.14:179][  0]LogInit: User: Quiin
[2015.10.02-20.17.14:179][  0]LogInit: CPU Page size=4096, Cores=4
[2015.10.02-20.17.14:179][  0]LogInit: High frequency timer resolution =2.435777 MHz
[2015.10.02-20.17.14:179][  0]LogMemory: Memory total: Physical=7.9GB (8GB approx)
[2015.10.02-20.17.14:179][  0]LogMemory: Platform Memory Stats for Windows
[2015.10.02-20.17.14:179][  0]LogMemory: Process Physical Memory: 53.92 MB used, 53.92 MB peak
[2015.10.02-20.17.14:179][  0]LogMemory: Process Virtual Memory: 55.25 MB used, 55.25 MB peak
[2015.10.02-20.17.14:179][  0]LogMemory: Physical Memory: 2199.22 MB used, 8104.27 MB total
[2015.10.02-20.17.14:179][  0]LogMemory: Virtual Memory: 364.37 MB used, 134217728.00 MB total
[2015.10.02-20.17.15:052][  0]LogTextLocalizationManager: No specific translations for ('en-US') exist, so ('en') translations will be used.
[2015.10.02-20.17.15:781][  0]LogD3D11RHI: Found D3D11 adapter 0: NVIDIA GeForce GTX 860M  (Feature Level 11_0)
[2015.10.02-20.17.15:781][  0]LogD3D11RHI: Adapter has 1995MB of dedicated video memory, 0MB of dedicated system memory, and 4052MB of shared system memory, 1 output[s]
[2015.10.02-20.17.15:786][  0]LogD3D11RHI: Found D3D11 adapter 1: Intel(R) HD Graphics 4600 (Feature Level 11_0)
[2015.10.02-20.17.15:786][  0]LogD3D11RHI: Adapter has 112MB of dedicated video memory, 0MB of dedicated system memory, and 4052MB of shared system memory, 0 output[s]
[2015.10.02-20.17.15:787][  0]LogD3D11RHI: Found D3D11 adapter 2: Microsoft Basic Render Driver (Feature Level 11_0)
[2015.10.02-20.17.15:787][  0]LogD3D11RHI: Adapter has 0MB of dedicated video memory, 0MB of dedicated system memory, and 4052MB of shared system memory, 0 output[s]
[2015.10.02-20.17.15:787][  0]LogD3D11RHI: Chosen D3D11 Adapter Id = 0
[2015.10.02-20.17.15:790][  0]LogD3D11RHI: !Direct3DDevice
[2015.10.02-20.17.15:790][  0]LogRHI: Texture pool is 1361 MB (70% of 1945 MB)
[2015.10.02-20.17.15:802][  0]LogD3D11RHI: Async texture creation enabled
[2015.10.02-20.17.15:813][  0]LogShaderCompilers: Guid format shader working directory is 15 characters bigger than the processId version (../../../../../../Users/Quiin/Documents/Unreal Projects/Trippy-Hector/Intermediate/Shaders/WorkingDirectory/8436/).
[2015.10.02-20.17.15:813][  0]LogShaderCompilers: Cleaned the shader compiler working directory '../../../../../../Users/Quiin/Documents/Unreal Projects/Trippy-Hector/Intermediate/Shaders/tmp/BE8F3B01457BB3EEC357FA81812A140E/'.
[2015.10.02-20.17.15:813][  0]LogShaderCompilers:Display: Using Local Shader Compiler.
[2015.10.02-20.17.19:565][  0]LogTemp:Display: Loaded TP AllDesktopTargetPlatform
[2015.10.02-20.17.19:584][  0]LogTemp:Display: Loaded TP WindowsClientTargetPlatform
[2015.10.02-20.17.19:602][  0]LogTemp:Display: Loaded TP WindowsNoEditorTargetPlatform
[2015.10.02-20.17.19:614][  0]LogTemp:Display: Loaded TP WindowsServerTargetPlatform
[2015.10.02-20.17.19:624][  0]LogTemp:Display: Loaded TP WindowsTargetPlatform
[2015.10.02-20.17.19:635][  0]LogTemp:Display: Loaded TP AndroidTargetPlatform
[2015.10.02-20.17.19:642][  0]LogTemp:Display: Loaded TP Android_ASTCTargetPlatform
[2015.10.02-20.17.19:649][  0]LogTemp:Display: Loaded TP Android_ATCTargetPlatform
[2015.10.02-20.17.19:656][  0]LogTemp:Display: Loaded TP Android_DXTTargetPlatform
[2015.10.02-20.17.19:663][  0]LogTemp:Display: Loaded TP Android_ETC1TargetPlatform
[2015.10.02-20.17.19:667][  0]LogTemp:Display: Loaded TP Android_ETC2TargetPlatform
[2015.10.02-20.17.19:672][  0]LogTemp:Display: Loaded TP Android_PVRTCTargetPlatform
[2015.10.02-20.17.19:673][  0]LogTemp:Display: Loaded TP HTML5TargetPlatform
[2015.10.02-20.17.19:856][  0]LogTemp:Display: Loaded TP IOSTargetPlatform
[2015.10.02-20.17.19:863][  0]LogTemp:Display: Loaded TP LinuxNoEditorTargetPlatform
[2015.10.02-20.17.19:870][  0]LogTemp:Display: Loaded TP LinuxServerTargetPlatform
[2015.10.02-20.17.19:882][  0]LogTemp:Display: Loaded TP LinuxTargetPlatform
[2015.10.02-20.17.19:882][  0]LogTargetPlatformManager:Display: Building Assets For Windows
[2015.10.02-20.17.21:512][  0]LogDerivedDataCache:Display: Max Cache Size: 512 MB
[2015.10.02-20.17.22:175][  0]LogDerivedDataCache: Loaded boot cache 0.66s 41MB C:/Users/Quiin/AppData/Local/UnrealEngine/4.9/DerivedDataCache/Boot.ddc.
[2015.10.02-20.17.22:176][  0]LogDerivedDataCache:Display: Loaded Boot cache: C:/Users/Quiin/AppData/Local/UnrealEngine/4.9/DerivedDataCache/Boot.ddc
[2015.10.02-20.17.22:202][  0]LogDerivedDataCache: FDerivedDataBackendGraph:  Pak pak cache file ../../../../../../Users/Quiin/Documents/Unreal Projects/Trippy-Hector/DerivedDataCache/DDC.ddp not found, will not use a pak cache.
[2015.10.02-20.17.22:202][  0]LogDerivedDataCache: Unable to find inner node Pak for hierarchical cache Hierarchy.
[2015.10.02-20.17.22:203][  0]LogDerivedDataCache: FDerivedDataBackendGraph:  CompressedPak pak cache file ../../../../../../Users/Quiin/Documents/Unreal Projects/Trippy-Hector/DerivedDataCache/Compressed.ddp not found, will not use a pak cache.
[2015.10.02-20.17.22:203][  0]LogDerivedDataCache: Unable to find inner node CompressedPak for hierarchical cache Hierarchy.
[2015.10.02-20.17.22:494][  0]LogDerivedDataCache:Display: Pak cache opened for reading ../../../Engine/DerivedDataCache/Compressed.ddp.
[2015.10.02-20.17.22:522][  0]LogDerivedDataCache: Using Local data cache path C:/Users/Quiin/AppData/Local/UnrealEngine/Common/DerivedDataCache: Writable
[2015.10.02-20.17.40:991][  0]LogInit: Selected Device Profile: [Windows]
[2015.10.02-20.17.41:193][  0]LogContentStreaming: Texture pool size is 0.000000MB
[2015.10.02-20.17.43:822][  0]LogMeshUtilities: No automatic mesh reduction module available
[2015.10.02-20.17.43:822][  0]LogMeshUtilities: No automatic mesh merging module available
[2015.10.02-20.17.49:575][  0]LogInit: WinSock: version 1.1 (2.2), MaxSocks=32767, MaxUdp=65467
[2015.10.02-20.18.14:879][  0]UdpMessaging: Initializing bridge on interface 0.0.0.0:0 to multicast group 230.0.0.1:6666.
[2015.10.02-20.18.15:596][  0]LogAssetRegistry: FAssetRegistry took 0.0155 seconds to start up
[2015.10.02-20.18.20:620][  0]SourceControl: Info Source control is disabled
[2015.10.02-20.18.23:225][  0]LogLinker:Warning: Asset '../../../Engine/Plugins/Runtime/LeapMotionController/Content/LM_PassthroughMaterial.uasset' has been saved with empty engine version. The asset will be loaded but may be incompatible.
[2015.10.02-20.18.23:808][  0]LogObj: 28361 objects as part of root set at end of initial load.
[2015.10.02-20.18.23:808][  0]LogUObjectAllocator: 6038872 out of 0 bytes used by permanent object pool.
[2015.10.02-20.18.25:044][  0]LogEngine: Initializing Engine...
[2015.10.02-20.18.25:093][  0]LogHMD: Can't find Oculus library dev build: is proper Runtime installed? Version: 0.7.0.0
[2015.10.02-20.18.25:176][  0]LogHMD: SteamVR failed to initialize.  Err: 110
[2015.10.02-20.18.27:186][  0]LogAIModule: Creating AISystem for world NewWorld
[2015.10.02-20.18.27:636][  0]LogInit: XAudio2 using 'Altavoces (Realtek High Definition Audio)' : 2 channels at 48 kHz using 32 bits per sample (channel mask 0x3)
[2015.10.02-20.18.28:835][  0]LogInit: FAudioDevice initialized.
[2015.10.02-20.18.28:870][  0]LogDerivedDataCache: Saved boot cache 0.03s 41MB C:/Users/Quiin/AppData/Local/UnrealEngine/4.9/DerivedDataCache/Boot.ddc.
[2015.10.02-20.18.28:884][  0]LogInit: Texture streaming: Enabled
[2015.10.02-20.18.28:923][  0]LogAnalytics: Creating configured Analytics provider AnalyticsET
[2015.10.02-20.18.28:964][  0]LogAnalytics: [UEEditor.Rocket.Release] APIServer = http://et2.epicgames.com/ET2/. AppVersion = 4.9.1-2689999+++depot+UE4-Releases+4.9
[2015.10.02-20.18.28:964][  0]LogAnalytics: [UEEditor.Rocket.Release] SetUserId 8464a0154692be69fcc5bd947abc987f|bfef9cc5c9db489cb2f031a861819abc|da4b7740-65b6-4330-97cf-04fec3ee4bee
[2015.10.02-20.18.28:981][  0]LogAnalytics: [UEEditor.Rocket.Release] AnalyticsET::StartSession
[2015.10.02-20.18.29:804][  0]LogInit: Transaction tracking system initialized
[2015.10.02-20.18.30:399][  0]BlueprintLog: New page: Editor Load
[2015.10.02-20.18.36:992][  0]LocalizationService: Info Localization service is disabled
[2015.10.02-20.18.38:245][  0]LogConsoleResponse:Display: 
[2015.10.02-20.18.42:022][  0]LogFileCache: Scanning file cache for directory 'C:/Users/Quiin/Documents/Unreal Projects/Trippy-Hector/Content/' took 0.05s
[2015.10.02-20.18.42:022][  0]LogCook:Display: Done creating registry. It took  0.00s.
[2015.10.02-20.18.44:080][  0]Cmd: MAP LOAD FILE="../../../../../../Users/Quiin/Documents/Unreal Projects/Trippy-Hector/Content/FirstPersonBP/Maps/FirstPersonExampleMap.umap" TEMPLATE=0 SHOWPROGRESS=1 FEATURELEVEL=3
[2015.10.02-20.18.44:081][  0]LogEditorServer:Warning: Can't find file '../../../../../../Users/Quiin/Documents/Unreal Projects/Trippy-Hector/Content/FirstPersonBP/Maps/FirstPersonExampleMap.umap'
[2015.10.02-20.18.44:089][  0]Cmd: MAP CHECKDEP NOCLEARLOG
[2015.10.02-20.18.44:182][  0]MapCheck: Info Map check complete: 0 Error(s), 0 Warning(s), took 91.515ms to complete.
[2015.10.02-20.18.44:214][  0]LogFileHelpers: Loading map 'FirstPersonExampleMap' took 0.154
[2015.10.02-20.18.46:099][  0]LogCollectionManager: Loaded 0 collections in 0.007986 seconds
[2015.10.02-20.18.46:390][  0]LogFileCache: Scanning file cache for directory 'C:/Users/Quiin/Documents/Unreal Projects/Trippy-Hector/Saved/Collections/' took 0.01s
[2015.10.02-20.18.46:390][  0]LogFileCache: Scanning file cache for directory 'C:/Users/Quiin/Documents/Unreal Projects/Trippy-Hector/Content/Developers/Quiin/Collections/' took 0.01s
[2015.10.02-20.18.46:390][  0]LogFileCache: Scanning file cache for directory 'C:/Users/Quiin/Documents/Unreal Projects/Trippy-Hector/Content/Collections/' took 0.01s
[2015.10.02-20.18.46:390][  0]LogContentBrowser: Native class hierarchy populated in 0.0548 seconds. Added 1867 classes and 333 folders.
[2015.10.02-20.18.46:757][  0]LogCollectionManager: Rebuilt the GUID cache for 0 collections in 0.000009 seconds
[2015.10.02-20.18.46:960][  0]LogContentBrowser: Native class hierarchy updated for 'WidgetCarousel' in 0.0010 seconds. Added 0 classes and 0 folders.
[2015.10.02-20.18.48:196][  0]LogContentBrowser: Native class hierarchy updated for 'AddContentDialog' in 0.0011 seconds. Added 0 classes and 0 folders.
[2015.10.02-20.18.49:596][  0]LogContentBrowser: Native class hierarchy updated for 'SceneOutliner' in 0.0012 seconds. Added 1 classes and 2 folders.
[2015.10.02-20.18.51:614][  0]LogCrashTracker: Crashtracker disabled due to settings.
[2015.10.02-20.18.51:849][  0]LogUObjectGlobals:Warning: Failed to find object 'Class None.'
[2015.10.02-20.18.52:029][  0]LogLoad: Full Startup: 101.91 seconds (BP compile: 0.72 seconds)
[2015.10.02-20.18.52:711][  0]SourceControl: Info On branch master
[2015.10.02-20.18.52:711][  0]SourceControl: Info Your branch is ahead of 'origin/master' by 2 commits.
[2015.10.02-20.18.52:711][  0]SourceControl: Info   (use "git push" to publish your local commits)
[2015.10.02-20.18.52:711][  0]SourceControl: Info Changes to be committed:
[2015.10.02-20.18.52:711][  0]SourceControl: Info   (use "git reset HEAD <file>..." to unstage)
[2015.10.02-20.18.52:711][  0]SourceControl: Info 	deleted:    Content/FirstPersonBP/Maps/FirstPersonExampleMap.umap
[2015.10.02-20.18.52:711][  0]SourceControl: Info Changes not staged for commit:
[2015.10.02-20.18.52:711][  0]SourceControl: Info   (use "git add <file>..." to update what will be committed)
[2015.10.02-20.18.52:712][  0]SourceControl: Info   (use "git checkout -- <file>..." to discard changes in working directory)
[2015.10.02-20.18.52:712][  0]SourceControl: Info 	modified:   Intermediate/CachedAssetRegistry.bin
[2015.10.02-20.18.52:712][  0]SourceControl: Info 	modified:   Intermediate/Config/CoalescedSourceConfigs/Engine.ini
[2015.10.02-20.18.52:712][  0]SourceControl: Info 	modified:   Intermediate/Config/CoalescedSourceConfigs/Game.ini
[2015.10.02-20.18.52:712][  0]SourceControl: Info 	modified:   Intermediate/Config/CoalescedSourceConfigs/Input.ini
[2015.10.02-20.18.52:712][  0]SourceControl: Info 	modified:   Saved/AutoScreenshot.png
[2015.10.02-20.18.52:712][  0]SourceControl: Info 	modified:   Saved/Autosaves/Game/Room1_Auto1.umap
[2015.10.02-20.18.52:712][  0]SourceControl: Info 	modified:   Saved/Config/Windows/Editor.ini
[2015.10.02-20.18.52:712][  0]SourceControl: Info 	modified:   Saved/Config/Windows/EditorPerProjectUserSettings.ini
[2015.10.02-20.18.52:712][  0]SourceControl: Info 	modified:   Saved/Config/Windows/Engine.ini
[2015.10.02-20.18.52:712][  0]SourceControl: Info 	modified:   Saved/Logs/TrippinHector.log
[2015.10.02-20.18.52:712][  0]SourceControl: Info Untracked files:
[2015.10.02-20.18.52:712][  0]SourceControl: Info   (use "git add <file>..." to include in what will be committed)
[2015.10.02-20.18.52:712][  0]SourceControl: Info 	Saved/Autosaves/Game/FirstPerson/
[2015.10.02-20.18.52:712][  0]SourceControl: Info 	Saved/Autosaves/Game/FirstPersonBP/
[2015.10.02-20.18.52:712][  0]SourceControl: Info 	Saved/Backup/FirstPersonCharacter_2015-10-01-21-10-29.uasset
[2015.10.02-20.18.52:712][  0]SourceControl: Info 	Saved/Backup/FirstPersonCharacter_2015-10-01-21-22-09.uasset
[2015.10.02-20.18.52:712][  0]SourceControl: Info 	Saved/Backup/FirstPersonCharacter_2015-10-01-21-34-22.uasset
[2015.10.02-20.18.52:713][  0]SourceControl: Info 	Saved/Backup/FirstPersonCharacter_2015-10-01-21-48-03.uasset
[2015.10.02-20.18.52:713][  0]SourceControl: Info 	Saved/Backup/FirstPersonCharacter_2015-10-01-21-55-13.uasset
[2015.10.02-20.18.52:713][  0]SourceControl: Info 	Saved/Backup/FirstPersonCharacter_2015-10-01-22-00-20.uasset
[2015.10.02-20.18.52:713][  0]SourceControl: Info 	Saved/Backup/FirstPersonCharacter_2015-10-02-09-26-27.uasset
[2015.10.02-20.18.52:713][  0]SourceControl: Info 	Saved/Backup/FirstPersonCharacter_2015-10-02-09-45-18.uasset
[2015.10.02-20.18.52:713][  0]SourceControl: Info 	Saved/Backup/FirstPersonCharacter_2015-10-02-10-08-58.uasset
[2015.10.02-20.18.52:713][  0]SourceControl: Info 	Saved/Backup/FirstPersonCharacter_2015-10-02-10-19-29.uasset
[2015.10.02-20.18.52:713][  0]SourceControl: Info 	Saved/Backup/FirstPersonCharacter_2015-10-02-10-41-42.uasset
[2015.10.02-20.18.52:713][  0]SourceControl: Info 	Saved/Backup/FirstPersonCharacter_2015-10-02-10-49-08.uasset
[2015.10.02-20.18.52:713][  0]SourceControl: Info 	Saved/Backup/FirstPersonCharacter_2015-10-02-10-56-31.uasset
[2015.10.02-20.18.52:713][  0]SourceControl: Info 	Saved/Backup/FirstPersonCharacter_2015-10-02-11-08-53.uasset
[2015.10.02-20.18.52:713][  0]SourceControl: Info 	Saved/Backup/FirstPersonCharacter_2015-10-02-12-28-16.uasset
[2015.10.02-20.18.52:713][  0]SourceControl: Info 	Saved/Backup/FirstPersonCharacter_2015-10-02-12-40-59.uasset
[2015.10.02-20.18.52:713][  0]SourceControl: Info 	Saved/Backup/MAT_CLD_2015-10-02-11-41-28.uasset
[2015.10.02-20.18.52:713][  0]SourceControl: Info 	Saved/Backup/MAT_CLD_2015-10-02-11-47-00.uasset
[2015.10.02-20.18.52:713][  0]SourceControl: Info 	Saved/Backup/MAT_CLD_2015-10-02-12-00-40.uasset
[2015.10.02-20.18.52:713][  0]SourceControl: Info 	Saved/Backup/MAT_CLD_2015-10-02-12-16-36.uasset
[2015.10.02-20.18.52:714][  0]SourceControl: Info 	Saved/Backup/MAT_CLD_2015-10-02-12-28-16.uasset
[2015.10.02-20.18.52:714][  0]SourceControl: Info 	Saved/Backup/Room1_2015-10-01-21-10-28.umap
[2015.10.02-20.18.52:714][  0]SourceControl: Info 	Saved/Backup/Room1_2015-10-01-21-48-03.umap
[2015.10.02-20.18.52:714][  0]SourceControl: Info 	Saved/Backup/Room1_2015-10-02-10-20-46.umap
[2015.10.02-20.18.52:714][  0]SourceControl: Info 	Saved/Backup/Room1_2015-10-02-12-21-33.umap
[2015.10.02-20.18.52:714][  0]SourceControl: Info 	Saved/Backup/Room1_2015-10-02-12-44-36.umap
[2015.10.02-20.18.52:714][  0]SourceControl: Info 	Saved/Backup/wut_2015-10-02-12-12-09.uasset
[2015.10.02-20.18.52:714][  0]SourceControl: Info 	Saved/Backup/wut_2015-10-02-12-21-29.uasset
[2015.10.02-20.18.52:714][  0]SourceControl: Info 	Saved/Logs/TrippinHector-backup-2015.10.01-20.55.39.log
[2015.10.02-20.18.52:714][  0]SourceControl: Info 	Saved/Logs/TrippinHector-backup-2015.10.02-09.10.30.log
[2015.10.02-20.18.52:714][  0]SourceControl: Info 	Saved/Logs/TrippinHector-backup-2015.10.02-10.14.21.log
[2015.10.02-20.18.52:714][  0]SourceControl: Info 	Saved/Logs/TrippinHector-backup-2015.10.02-10.27.56.log
[2015.10.02-20.18.52:714][  0]SourceControl: Info 	Saved/Logs/TrippinHector-backup-2015.10.02-11.31.09.log
[2015.10.02-20.18.52:714][  0]SourceControl: Info 	Saved/Logs/TrippinHector-backup-2015.10.02-11.41.04.log
[2015.10.02-20.18.52:714][  0]SourceControl: Info 	Saved/Logs/TrippinHector-backup-2015.10.02-12.31.42.log
[2015.10.02-20.18.52:714][  0]SourceControl: Info 	Saved/Logs/TrippinHector-backup-2015.10.02-12.38.02.log
[2015.10.02-20.18.52:714][  0]SourceControl: Info 	Saved/Logs/TrippinHector-backup-2015.10.02-15.17.13.log
[2015.10.02-20.18.52:715][  0]SourceControl: Info 	Saved/Logs/UE4CC-Windows-3FA680A84972690656B232A7E85E1247/
[2015.10.02-20.18.52:715][  0]SourceControl: Info 	Saved/Logs/UE4CC-Windows-860FE4FE445E3016006A4EA368605A43/
[2015.10.02-20.18.52:715][  0]SourceControl: Info 	Saved/Logs/UE4CC-Windows-D951B2014AEC1D66C81C0CA541293F5E/
[2015.10.02-20.18.52:715][  0]SourceControl: Info 	Saved/Logs/UE4CC-Windows-E72AF94F48B79B193ABE8A9F3B0DBEC6/
[2015.10.02-20.18.52:738][  0]LogContentStreaming: Texture pool size now 1000 MB
[2015.10.02-20.18.55:670][  0]LogRenderer: Reallocating scene render targets to support 696x708 (Frame:2).
[2015.10.02-20.19.01:294][  7]LogAssetRegistry: Asset discovery search completed in 45.7097 seconds
[2015.10.02-20.19.01:294][  7]LogCollectionManager: Rebuilt the object cache for 0 collections in 0.000001 seconds (found 0 objects)
[2015.10.02-20.19.01:311][  7]LogCollectionManager: Fixed up redirectors for 0 collections in 0.000263 seconds (updated 0 objects)
[2015.10.02-20.23.10:055][883]LogAIModule: Creating AISystem for world Room1
[2015.10.02-20.23.10:587][883]Cmd: MAP LOAD FILE="../../../../../../Users/Quiin/Documents/Unreal Projects/Trippy-Hector/Content/Room1.umap" TEMPLATE=0 SHOWPROGRESS=1 FEATURELEVEL=3
[2015.10.02-20.23.10:589][883]LightingResults: New page: Lighting Build
[2015.10.02-20.23.10:626][883]LogContentBrowser: Native class hierarchy updated for 'StatsViewer' in 0.0012 seconds. Added 5 classes and 0 folders.
[2015.10.02-20.23.10:679][883]LoadErrors: New page: Loading map: Room1.umap
[2015.10.02-20.23.10:722][883]MapCheck: New page: Map Check
[2015.10.02-20.23.10:722][883]LightingResults: New page: Lighting Build
[2015.10.02-20.23.10:879][883]LogParticles: Destroying 0 GPU particle simulations for FXSystem 0x000000DE0D3F8400
[2015.10.02-20.23.11:463][883]LogEditorServer: Finished looking for orphan Actors (0.000 secs)
[2015.10.02-20.23.11:587][883]Cmd: MAP CHECKDEP NOCLEARLOG
[2015.10.02-20.23.11:661][883]MapCheck: Info Map check complete: 0 Error(s), 0 Warning(s), took 73.994ms to complete.
[2015.10.02-20.23.11:662][883]LogFileHelpers: Loading map 'Room1' took 1.078
[2015.10.02-20.23.30:085][881]LogEditorViewport: Clicking on Actor (LMB): BP_Sky_Sphere_C (Sky Sphere)
[2015.10.02-20.23.36:721][240]LogEditorViewport: Clicking on Actor (context menu): BP_Sky_Sphere_C (Sky Sphere)
[2015.10.02-20.23.38:609][329]LogEditorViewport: Clicking on Actor (LMB): BP_Sky_Sphere_C (Sky Sphere)
[2015.10.02-20.35.44:509][532]LogRenderer: Reallocating scene render targets to support 696x748 (Frame:177).
[2015.10.02-20.35.49:237][549]LogPlayLevel: PlayLevel: No blueprints needed recompiling
[2015.10.02-20.35.49:263][549]PIE: New page: PIE session: Room1 (Oct 2, 2015, 10:35:49 AM)
[2015.10.02-20.35.49:263][549]LogPlayLevel: Creating play world package: /Game/UEDPIE_0_Room1
[2015.10.02-20.35.49:279][549]LogPlayLevel: PIE: StaticDuplicateObject took: (0.015138s)
[2015.10.02-20.35.49:279][549]LogAIModule: Creating AISystem for world Room1
[2015.10.02-20.35.49:280][549]LogPlayLevel: PIE: World Init took: (0.001059s)
[2015.10.02-20.35.49:280][549]LogPlayLevel: PIE: Created PIE world by copying editor world from /Game/Room1.Room1 to /Game/UEDPIE_0_Room1.Room1 (0.016519s)
[2015.10.02-20.35.49:316][549]LogInit: XAudio2 using 'Altavoces (Realtek High Definition Audio)' : 2 channels at 48 kHz using 32 bits per sample (channel mask 0x3)
[2015.10.02-20.35.49:377][549]LogInit: FAudioDevice initialized.
[2015.10.02-20.35.50:181][549]LogLinker:Warning: Asset '../../../../../../Users/Quiin/Documents/Unreal Projects/Trippy-Hector/Content/FirstPersonBP/Blueprints/FirstPersonProjectile.uasset' has been saved with empty engine version. The asset will be loaded but may be incompatible.
[2015.10.02-20.35.50:219][549]LogLinker:Warning: Asset '../../../../../../Users/Quiin/Documents/Unreal Projects/Trippy-Hector/Content/FirstPerson/Meshes/FirstPersonProjectileMesh.uasset' has been saved with empty engine version. The asset will be loaded but may be incompatible.
[2015.10.02-20.35.51:733][549]LogLinker:Warning: Asset '../../../../../../Users/Quiin/Documents/Unreal Projects/Trippy-Hector/Content/FirstPersonBP/Blueprints/FirstPersonHUD.uasset' has been saved with empty engine version. The asset will be loaded but may be incompatible.
[2015.10.02-20.35.52:854][549]LogWorld: Game class is 'FirstPersonGameMode_C'
[2015.10.02-20.35.52:978][549]LogWorld: Bringing World /Game/UEDPIE_0_Room1.Room1 up for play (max tick rate 60) at 2015.10.02-15.35.52
[2015.10.02-20.35.52:978][549]LogActor:Warning: GameSession /Game/UEDPIE_0_Room1.Room1:PersistentLevel.GameSession_0 has natively added scene component(s), but none of them were set as the actor's RootComponent - picking one arbitrarily
[2015.10.02-20.35.52:996][549]LogActor:Warning: GameNetworkManager /Game/UEDPIE_0_Room1.Room1:PersistentLevel.GameNetworkManager_0 has natively added scene component(s), but none of them were set as the actor's RootComponent - picking one arbitrarily
[2015.10.02-20.35.52:998][549]LogWorld: Bringing up level for play took: 0.034978
[2015.10.02-20.35.53:439][549]PIE: Info Play in editor start time for /Game/UEDPIE_0_Room1 3.426
[2015.10.02-20.36.18:716][  6]LogParticles: Destroying 0 GPU particle simulations for FXSystem 0x000000DE6D3DC360
[2015.10.02-20.36.30:257][656]LogLinker:Warning: Asset '../../../Engine/Content/ArtTools/RenderToTexture/Macros/RenderToTextureMacros.uasset' has been saved with empty engine version. The asset will be loaded but may be incompatible.
[2015.10.02-20.36.31:671][656]LogContentBrowser: Native class hierarchy updated for 'BlueprintGraph' in 0.0006 seconds. Added 107 classes and 0 folders.
[2015.10.02-22.10.36:037][491]BlueprintLog: New page: Compile FirstPersonCharacter
[2015.10.02-22.10.36:316][491]LogActorComponent: UnregisterComponent: (/Engine/Transient.ProjectileMovementComponent_40__A6522401) Not registered. Aborting.
[2015.10.02-22.10.36:316][491]LogActorComponent: UnregisterComponent: (/Engine/Transient.CharMoveComp) Not registered. Aborting.
[2015.10.02-22.10.36:375][491]BlueprintEditorCompileResults: Info [6806.27] Compile of FirstPersonCharacter successful! [in 338 ms]
[2015.10.02-22.10.38:418][610]BlueprintLog: New page: Compile FirstPersonCharacter
[2015.10.02-22.10.38:491][610]LogActorComponent: UnregisterComponent: (/Engine/Transient.CharMoveComp) Not registered. Aborting.
[2015.10.02-22.10.38:522][610]BlueprintEditorCompileResults: Info [6808.42] Compile of FirstPersonCharacter successful! [in 103 ms]
[2015.10.02-22.10.54:230][535]LogActorComponent: UnregisterComponent: (/Engine/Transient.CharMoveComp) Not registered. Aborting.
[2015.10.02-22.10.55:545][600]LogEditorTransaction: Undo Delete current selection
[2015.10.02-22.10.55:579][600]LogActorComponent: UnregisterComponent: (/Engine/Transient.CharacterMovementComponent_0) Not registered. Aborting.
[2015.10.02-22.11.01:663][945]BlueprintLog: New page: Compile FirstPersonCharacter
[2015.10.02-22.11.01:738][945]LogActorComponent: UnregisterComponent: (/Engine/Transient.CharacterMovementComponent_1) Not registered. Aborting.
[2015.10.02-22.11.01:774][945]BlueprintEditorCompileResults: Info [6831.67] Compile of FirstPersonCharacter successful! [in 109 ms]
[2015.10.02-22.11.04:784][117]LogPlayLevel: PlayLevel: No blueprints needed recompiling
[2015.10.02-22.11.04:784][117]PIE: New page: PIE session: Room1 (Oct 2, 2015, 12:11:04 PM)
[2015.10.02-22.11.04:784][117]LogPlayLevel: Creating play world package: /Game/UEDPIE_0_Room1
[2015.10.02-22.11.04:799][117]LogPlayLevel: PIE: StaticDuplicateObject took: (0.014765s)
[2015.10.02-22.11.04:800][117]LogAIModule: Creating AISystem for world Room1
[2015.10.02-22.11.04:800][117]LogPlayLevel: PIE: World Init took: (0.000831s)
[2015.10.02-22.11.04:800][117]LogPlayLevel: PIE: Created PIE world by copying editor world from /Game/Room1.Room1 to /Game/UEDPIE_0_Room1.Room1 (0.015786s)
[2015.10.02-22.11.04:800][117]LogActorComponent: UnregisterComponent: (/Engine/Transient.CharMoveComp) Not registered. Aborting.
[2015.10.02-22.11.04:829][117]LogInit: XAudio2 using 'Altavoces (Realtek High Definition Audio)' : 2 channels at 48 kHz using 32 bits per sample (channel mask 0x3)
[2015.10.02-22.11.04:839][117]LogInit: FAudioDevice initialized.
[2015.10.02-22.11.04:983][117]LogWorld: Game class is 'FirstPersonGameMode_C'
[2015.10.02-22.11.05:004][117]LogWorld: Bringing World /Game/UEDPIE_0_Room1.Room1 up for play (max tick rate 60) at 2015.10.02-17.11.05
[2015.10.02-22.11.05:004][117]LogActor:Warning: GameSession /Game/UEDPIE_0_Room1.Room1:PersistentLevel.GameSession_1 has natively added scene component(s), but none of them were set as the actor's RootComponent - picking one arbitrarily
[2015.10.02-22.11.05:005][117]LogActor:Warning: GameNetworkManager /Game/UEDPIE_0_Room1.Room1:PersistentLevel.GameNetworkManager_1 has natively added scene component(s), but none of them were set as the actor's RootComponent - picking one arbitrarily
[2015.10.02-22.11.05:006][117]LogWorld: Bringing up level for play took: 0.019255
[2015.10.02-22.11.05:071][117]PIE: Info Play in editor start time for /Game/UEDPIE_0_Room1 1.073
[2015.10.02-22.11.05:081][118]LogRenderer: Reallocating scene render targets to support 1280x748 (Frame:1787).
[2015.10.02-22.11.45:973][814]LogRenderer: Reallocating scene render targets to support 1536x800 (Frame:3484).
[2015.10.02-22.11.54:550][126]LogParticles: Destroying 0 GPU particle simulations for FXSystem 0x000000DE52A551C0
[2015.10.02-22.12.30:103][227]LogPlayLevel: PlayLevel: No blueprints needed recompiling
[2015.10.02-22.12.30:103][227]PIE: New page: PIE session: Room1 (Oct 2, 2015, 12:12:30 PM)
[2015.10.02-22.12.30:103][227]LogPlayLevel: Creating play world package: /Game/UEDPIE_0_Room1
[2015.10.02-22.12.30:127][227]LogPlayLevel: PIE: StaticDuplicateObject took: (0.023699s)
[2015.10.02-22.12.30:128][227]LogAIModule: Creating AISystem for world Room1
[2015.10.02-22.12.30:128][227]LogPlayLevel: PIE: World Init took: (0.001183s)
[2015.10.02-22.12.30:128][227]LogPlayLevel: PIE: Created PIE world by copying editor world from /Game/Room1.Room1 to /Game/UEDPIE_0_Room1.Room1 (0.025169s)
[2015.10.02-22.12.30:173][227]LogInit: XAudio2 using 'Altavoces (Realtek High Definition Audio)' : 2 channels at 48 kHz using 32 bits per sample (channel mask 0x3)
[2015.10.02-22.12.30:200][227]LogInit: FAudioDevice initialized.
[2015.10.02-22.12.30:241][227]LogWorld: Game class is 'FirstPersonGameMode_C'
[2015.10.02-22.12.30:257][227]LogWorld: Bringing World /Game/UEDPIE_0_Room1.Room1 up for play (max tick rate 60) at 2015.10.02-17.12.30
[2015.10.02-22.12.30:257][227]LogActor:Warning: GameSession /Game/UEDPIE_0_Room1.Room1:PersistentLevel.GameSession_2 has natively added scene component(s), but none of them were set as the actor's RootComponent - picking one arbitrarily
[2015.10.02-22.12.30:258][227]LogActor:Warning: GameNetworkManager /Game/UEDPIE_0_Room1.Room1:PersistentLevel.GameNetworkManager_2 has natively added scene component(s), but none of them were set as the actor's RootComponent - picking one arbitrarily
[2015.10.02-22.12.30:259][227]LogWorld: Bringing up level for play took: 0.015465
[2015.10.02-22.12.30:280][227]PIE: Info Play in editor start time for /Game/UEDPIE_0_Room1 0.283
[2015.10.02-22.13.13:478][ 82]LogParticles: Destroying 0 GPU particle simulations for FXSystem 0x000000DE1A73B1A0
[2015.10.02-22.13.32:461][154]LogBlueprintUserMessages: CustomizeDetails for Blueprint 'FirstPersonCharacter', cached variable property's owner is '/Game/FirstPersonBP/Blueprints/FirstPersonCharacter.SKEL_FirstPersonCharacter_C'
[2015.10.02-22.13.34:701][264]LogActorComponent: UnregisterComponent: (/Engine/Transient.CharMoveComp) Not registered. Aborting.
[2015.10.02-22.13.40:654][591]LogBlueprintUserMessages: CustomizeDetails for Blueprint 'FirstPersonCharacter', cached variable property's owner is '/Script/Engine.CameraComponent'
[2015.10.02-22.13.54:747][427]BlueprintLog: New page: Compile FirstPersonCharacter
[2015.10.02-22.13.54:914][427]LogActorComponent: UnregisterComponent: (/Engine/Transient.CharacterMovementComponent_2) Not registered. Aborting.
[2015.10.02-22.13.54:979][427]BlueprintEditorCompileResults: Info [7004.88] Compile of FirstPersonCharacter successful! [in 232 ms]
[2015.10.02-22.14.00:519][748]LogPlayLevel: PlayLevel: No blueprints needed recompiling
[2015.10.02-22.14.00:520][748]PIE: New page: PIE session: Room1 (Oct 2, 2015, 12:14:00 PM)
[2015.10.02-22.14.00:520][748]LogPlayLevel: Creating play world package: /Game/UEDPIE_0_Room1
[2015.10.02-22.14.00:542][748]LogPlayLevel: PIE: StaticDuplicateObject took: (0.021893s)
[2015.10.02-22.14.00:543][748]LogAIModule: Creating AISystem for world Room1
[2015.10.02-22.14.00:543][748]LogPlayLevel: PIE: World Init took: (0.001193s)
[2015.10.02-22.14.00:543][748]LogPlayLevel: PIE: Created PIE world by copying editor world from /Game/Room1.Room1 to /Game/UEDPIE_0_Room1.Room1 (0.023377s)
[2015.10.02-22.14.00:543][748]LogActorComponent: UnregisterComponent: (/Engine/Transient.CharMoveComp) Not registered. Aborting.
[2015.10.02-22.14.00:583][748]LogInit: XAudio2 using 'Altavoces (Realtek High Definition Audio)' : 2 channels at 48 kHz using 32 bits per sample (channel mask 0x3)
[2015.10.02-22.14.00:597][748]LogInit: FAudioDevice initialized.
[2015.10.02-22.14.00:641][748]LogWorld: Game class is 'FirstPersonGameMode_C'
[2015.10.02-22.14.00:652][748]LogWorld: Bringing World /Game/UEDPIE_0_Room1.Room1 up for play (max tick rate 60) at 2015.10.02-17.14.00
[2015.10.02-22.14.00:653][748]LogActor:Warning: GameSession /Game/UEDPIE_0_Room1.Room1:PersistentLevel.GameSession_3 has natively added scene component(s), but none of them were set as the actor's RootComponent - picking one arbitrarily
[2015.10.02-22.14.00:653][748]LogActor:Warning: GameNetworkManager /Game/UEDPIE_0_Room1.Room1:PersistentLevel.GameNetworkManager_3 has natively added scene component(s), but none of them were set as the actor's RootComponent - picking one arbitrarily
[2015.10.02-22.14.00:654][748]LogWorld: Bringing up level for play took: 0.011449
[2015.10.02-22.14.00:722][748]PIE: Info Play in editor start time for /Game/UEDPIE_0_Room1 0.725
[2015.10.02-22.15.45:916][ 75]LogParticles: Destroying 0 GPU particle simulations for FXSystem 0x000000DE2AAA1300
[2015.10.02-22.16.20:847][939]BlueprintLog: New page: Compile FirstPersonCharacter
[2015.10.02-22.16.21:188][939]BlueprintEditorCompileResults: Info [7151.09] Compile of FirstPersonCharacter successful! [in 340 ms]
[2015.10.02-22.16.25:469][ 94]LogSavePackage: Save=422.348999ms
[2015.10.02-22.16.25:469][ 94]LogSavePackage: Moving '../../../../../../Users/Quiin/Documents/Unreal Projects/Trippy-Hector/Saved/FirstPersonCharacterFF29E3504A8F886B65F8EBA70862BC8E.tmp' to '../../../../../../Users/Quiin/Documents/Unreal Projects/Trippy-Hector/Content/FirstPersonBP/Blueprints/FirstPersonCharacter.uasset'
[2015.10.02-22.16.25:484][ 94]LogSavePackage: Total save time: 593.064968ms
[2015.10.02-22.16.25:484][ 94]LogSavePackage:Warning: Finished SavePackage ../../../../../../Users/Quiin/Documents/Unreal Projects/Trippy-Hector/Content/FirstPersonBP/Blueprints/FirstPersonCharacter.uasset
[2015.10.02-22.16.30:823][360]LogActorComponent: UnregisterComponent: (/Engine/Transient.CharMoveComp) Not registered. Aborting.
[2015.10.02-22.16.30:824][360]LogActorComponent: UnregisterComponent: (/Engine/Transient.ProjectileMovementComponent_40__A6522401) Not registered. Aborting.
[2015.10.02-22.16.31:345][360]LogWindowsTextInputMethodSystem:Display: IME system now deactivated.
[2015.10.02-22.16.32:034][361]Cmd: QUIT_EDITOR
[2015.10.02-22.16.34:128][361]LogExit: Preparing to exit.
[2015.10.02-22.16.34:813][361]LogActorComponent: UnregisterComponent: (None.None) Not registered. Aborting.
[2015.10.02-22.16.34:813][361]LogActorComponent: UnregisterComponent: (None.None) Not registered. Aborting.
[2015.10.02-22.16.34:960][361]LogExit: Editor shut down
[2015.10.02-22.16.34:961][361]LogParticles: Destroying 0 GPU particle simulations for FXSystem 0x000000DE7AE74540
[2015.10.02-22.16.34:961][361]LogExit: Transaction tracking system shut down
[2015.10.02-22.16.34:962][361]LogParticles: Destroying 0 GPU particle simulations for FXSystem 0x000000DE7B32D4E0
[2015.10.02-22.16.35:138][361]LogParticles: Destroying 0 GPU particle simulations for FXSystem 0x000000DE0D4939C0
[2015.10.02-22.16.35:141][361]LogParticles: Destroying 0 GPU particle simulations for FXSystem 0x000000DE7BB66660
[2015.10.02-22.16.35:143][361]LogParticles: Destroying 0 GPU particle simulations for FXSystem 0x000000DE0F3C6B60
[2015.10.02-22.16.35:151][361]LogParticles: Destroying 0 GPU particle simulations for FXSystem 0x000000DE1208EF20
[2015.10.02-22.16.36:126][361]LogExit: Object subsystem successfully closed.
[2015.10.02-22.16.36:499][361]LogD3D11RHI: Shutdown
[2015.10.02-22.16.36:499][361]LogD3D11RHI: CleanupD3DDevice
[2015.10.02-22.16.36:818][361]LogD3D11RHI: ~FD3D11DynamicRHI
[2015.10.02-22.16.37:254][361]LogModuleManager: Shutting down and abandoning module BlueprintGraph (198)
[2015.10.02-22.16.37:254][361]LogModuleManager: Shutting down and abandoning module StatsViewer (197)
[2015.10.02-22.16.37:254][361]LogModuleManager: Shutting down and abandoning module CrashTracker (196)
[2015.10.02-22.16.37:254][361]LogModuleManager: Shutting down and abandoning module SceneOutliner (195)
[2015.10.02-22.16.37:254][361]LogModuleManager: Shutting down and abandoning module SuperSearch (194)
[2015.10.02-22.16.37:254][361]LogModuleManager: Shutting down and abandoning module WidgetCarousel (193)
[2015.10.02-22.16.37:254][361]LogModuleManager: Shutting down and abandoning module AddContentDialog (192)
[2015.10.02-22.16.37:277][361]LogModuleManager: Shutting down and abandoning module EditorWidgets (191)
[2015.10.02-22.16.37:277][361]LogModuleManager: Shutting down and abandoning module CollectionManager (190)
[2015.10.02-22.16.37:278][361]LogModuleManager: Shutting down and abandoning module FoliageEdit (189)
[2015.10.02-22.16.37:278][361]LogModuleManager: Shutting down and abandoning module LandscapeEditor (188)
[2015.10.02-22.16.37:304][361]LogModuleManager: Shutting down and abandoning module ActorPickerMode (187)
[2015.10.02-22.16.37:304][361]LogModuleManager: Shutting down and abandoning module GeometryMode (186)
[2015.10.02-22.16.37:304][361]LogModuleManager: Shutting down and abandoning module TextureAlignMode (185)
[2015.10.02-22.16.37:304][361]LogModuleManager: Shutting down and abandoning module BspMode (184)
[2015.10.02-22.16.37:304][361]LogModuleManager: Shutting down and abandoning module PlacementMode (183)
[2015.10.02-22.16.37:304][361]LogModuleManager: Shutting down and abandoning module AutomationWorker (182)
[2015.10.02-22.16.37:304][361]LogModuleManager: Shutting down and abandoning module CharacterAI (181)
[2015.10.02-22.16.37:304][361]LogModuleManager: Shutting down and abandoning module SmartSnapping (180)
[2015.10.02-22.16.37:304][361]LogModuleManager: Shutting down and abandoning module ViewportSnapping (179)
[2015.10.02-22.16.37:305][361]LogModuleManager: Shutting down and abandoning module LogVisualizer (178)
[2015.10.02-22.16.37:305][361]LogModuleManager: Shutting down and abandoning module GameProjectGeneration (177)
[2015.10.02-22.16.37:321][361]LogModuleManager: Shutting down and abandoning module IntroTutorials (176)
[2015.10.02-22.16.37:321][361]LogModuleManager: Shutting down and abandoning module EditorLiveStreaming (175)
[2015.10.02-22.16.37:321][361]LogModuleManager: Shutting down and abandoning module IOSPlatformEditor (174)
[2015.10.02-22.16.37:321][361]LogModuleManager: Shutting down and abandoning module HTML5PlatformEditor (173)
[2015.10.02-22.16.37:321][361]LogModuleManager: Shutting down and abandoning module AndroidDeviceDetection (172)
[2015.10.02-22.16.38:226][361]LogModuleManager: Shutting down and abandoning module AndroidPlatformEditor (171)
[2015.10.02-22.16.38:226][361]LogModuleManager: Shutting down and abandoning module IOSRuntimeSettings (170)
[2015.10.02-22.16.38:226][361]LogModuleManager: Shutting down and abandoning module AndroidRuntimeSettings (169)
[2015.10.02-22.16.38:226][361]LogModuleManager: Shutting down and abandoning module MergeActors (168)
[2015.10.02-22.16.38:269][361]LogModuleManager: Shutting down and abandoning module SizeMap (167)
[2015.10.02-22.16.38:269][361]LogModuleManager: Shutting down and abandoning module TreeMap (166)
[2015.10.02-22.16.38:269][361]LogModuleManager: Shutting down and abandoning module ReferenceViewer (165)
[2015.10.02-22.16.38:269][361]LogModuleManager: Shutting down and abandoning module LocalizationService (164)
[2015.10.02-22.16.38:269][361]LogModuleManager: Shutting down and abandoning module LocalizationDashboard (163)
[2015.10.02-22.16.38:302][361]LogModuleManager: Shutting down and abandoning module HardwareTargeting (162)
[2015.10.02-22.16.38:302][361]LogModuleManager: Shutting down and abandoning module DeviceProfileEditor (161)
[2015.10.02-22.16.38:302][361]LogModuleManager: Shutting down and abandoning module UndoHistory (160)
[2015.10.02-22.16.38:302][361]LogModuleManager: Shutting down and abandoning module GameplayTagsEditor (159)
[2015.10.02-22.16.38:302][361]LogModuleManager: Shutting down and abandoning module UserFeedback (158)
[2015.10.02-22.16.38:302][361]LogModuleManager: Shutting down and abandoning module XmlParser (157)
[2015.10.02-22.16.38:302][361]LogModuleManager: Shutting down and abandoning module Blutility (156)
[2015.10.02-22.16.38:302][361]LogModuleManager: Shutting down and abandoning module ProjectTargetPlatformEditor (155)
[2015.10.02-22.16.38:303][361]LogModuleManager: Shutting down and abandoning module ProjectSettingsViewer (154)
[2015.10.02-22.16.38:303][361]LogModuleManager: Shutting down and abandoning module InputBindingEditor (153)
[2015.10.02-22.16.38:303][361]LogModuleManager: Shutting down and abandoning module EditorSettingsViewer (152)
[2015.10.02-22.16.38:303][361]LogModuleManager: Shutting down and abandoning module SettingsEditor (151)
[2015.10.02-22.16.38:303][361]LogModuleManager: Shutting down and abandoning module ProjectLauncher (150)
[2015.10.02-22.16.38:327][361]LogModuleManager: Shutting down and abandoning module SessionFrontend (149)
[2015.10.02-22.16.38:327][361]LogModuleManager: Shutting down and abandoning module ProfilerClient (148)
[2015.10.02-22.16.38:363][361]LogModuleManager: Shutting down and abandoning module TargetDeviceServices (147)
[2015.10.02-22.16.38:363][361]LogModuleManager: Shutting down and abandoning module DeviceManager (146)
[2015.10.02-22.16.38:364][361]LogModuleManager: Shutting down and abandoning module AutomationController (145)
[2015.10.02-22.16.38:364][361]LogModuleManager: Shutting down and abandoning module AutomationWindow (144)
[2015.10.02-22.16.38:396][361]LogModuleManager: Shutting down and abandoning module Layers (143)
[2015.10.02-22.16.38:510][361]LogModuleManager: Shutting down and abandoning module ComponentVisualizers (142)
[2015.10.02-22.16.38:510][361]LogModuleManager: Shutting down and abandoning module DetailCustomizations (141)
[2015.10.02-22.16.38:510][361]LogModuleManager: Shutting down and abandoning module PackagesDialog (140)
[2015.10.02-22.16.38:511][361]LogModuleManager: Shutting down and abandoning module Persona (139)
[2015.10.02-22.16.38:549][361]LogModuleManager: Shutting down and abandoning module Kismet (138)
[2015.10.02-22.16.38:575][361]LogModuleManager: Shutting down and abandoning module GraphEditor (137)
[2015.10.02-22.16.38:575][361]LogModuleManager: Shutting down and abandoning module ClassViewer (136)
[2015.10.02-22.16.38:575][361]LogModuleManager: Shutting down and abandoning module Toolbox (135)
[2015.10.02-22.16.38:575][361]LogModuleManager: Shutting down and abandoning module ModuleUI (134)
[2015.10.02-22.16.38:598][361]LogModuleManager: Shutting down and abandoning module MovieSceneTools (133)
[2015.10.02-22.16.38:598][361]LogModuleManager: Shutting down and abandoning module OutputLog (132)
[2015.10.02-22.16.38:598][361]LogModuleManager: Shutting down and abandoning module GammaUI (131)
[2015.10.02-22.16.38:625][361]LogModuleManager: Shutting down and abandoning module Documentation (130)
[2015.10.02-22.16.38:625][361]LogModuleManager: Shutting down and abandoning module GameLiveStreaming (129)
[2015.10.02-22.16.38:625][361]LogModuleManager: Shutting down and abandoning module StreamingPauseRendering (128)
[2015.10.02-22.16.38:625][361]LogModuleManager: Shutting down and abandoning module AnalyticsET (127)
[2015.10.02-22.16.38:625][361]LogModuleManager: Shutting down and abandoning module Analytics (126)
[2015.10.02-22.16.38:625][361]LogModuleManager: Shutting down and abandoning module AITestSuite (125)
[2015.10.02-22.16.38:625][361]LogModuleManager: Shutting down and abandoning module GameplayDebugger (124)
[2015.10.02-22.16.38:625][361]LogModuleManager: Shutting down and abandoning module AIModule (123)
[2015.10.02-22.16.38:626][361]LogModuleManager: Shutting down and abandoning module ProfilerService (122)
[2015.10.02-22.16.38:723][361]LogModuleManager: Shutting down and abandoning module TaskGraph (121)
[2015.10.02-22.16.38:723][361]LogModuleManager: Shutting down and abandoning module SlateRemote (120)
[2015.10.02-22.16.38:723][361]LogModuleManager: Shutting down and abandoning module SteamVRController (119)
[2015.10.02-22.16.38:723][361]LogModuleManager: Shutting down and abandoning module SteamVR (118)
[2015.10.02-22.16.38:723][361]LogModuleManager: Shutting down and abandoning module ProceduralMeshComponent (117)
[2015.10.02-22.16.38:723][361]LogModuleManager: Shutting down and abandoning module OculusRift (116)
[2015.10.02-22.16.38:723][361]LogModuleManager: Shutting down and abandoning module OculusLibrary (115)
[2015.10.02-22.16.38:723][361]LogModuleManager: Shutting down and abandoning module LeapMotionController (114)
[2015.10.02-22.16.38:752][361]LogModuleManager: Shutting down and abandoning module CustomMeshComponent (113)
[2015.10.02-22.16.38:776][361]LogModuleManager: Shutting down and abandoning module CableComponent (112)
[2015.10.02-22.16.38:776][361]LogModuleManager: Shutting down and abandoning module ArchVisCharacter (111)
[2015.10.02-22.16.38:776][361]LogModuleManager: Shutting down and abandoning module MessagingDebugger (110)
[2015.10.02-22.16.38:777][361]LogModuleManager: Shutting down and abandoning module MediaPlayerEditor (109)
[2015.10.02-22.16.38:801][361]LogModuleManager: Shutting down and abandoning module HTML5Networking (108)
[2015.10.02-22.16.38:801][361]LogModuleManager: Shutting down and abandoning module SpeedTreeImporter (107)
[2015.10.02-22.16.38:801][361]LogModuleManager: Shutting down and abandoning module PluginBrowser (106)
[2015.10.02-22.16.38:801][361]LogModuleManager: Shutting down and abandoning module EpicSurvey (105)
[2015.10.02-22.16.38:801][361]LogModuleManager: Shutting down and abandoning module DesktopPlatform (104)
[2015.10.02-22.16.38:801][361]LogModuleManager: Shutting down and abandoning module VisualStudioSourceCodeAccess (103)
[2015.10.02-22.16.38:801][361]LogModuleManager: Shutting down and abandoning module UObjectPlugin (102)
[2015.10.02-22.16.38:801][361]LogModuleManager: Shutting down and abandoning module SubversionSourceControl (101)
[2015.10.02-22.16.38:801][361]LogModuleManager: Shutting down and abandoning module PerforceSourceControl (100)
[2015.10.02-22.16.38:801][361]LogModuleManager: Shutting down and abandoning module SourceControl (99)
[2015.10.02-22.16.38:829][361]LogModuleManager: Shutting down and abandoning module GitSourceControl (98)
[2015.10.02-22.16.38:829][361]LogModuleManager: Shutting down and abandoning module LightPropagationVolumeEditor (97)
[2015.10.02-22.16.38:829][361]LogModuleManager: Shutting down and abandoning module PaperTiledImporter (96)
[2015.10.02-22.16.38:829][361]LogModuleManager: Shutting down and abandoning module PaperSpriteSheetImporter (95)
[2015.10.02-22.16.38:829][361]LogModuleManager: Shutting down and abandoning module MeshPaint (94)
[2015.10.02-22.16.38:829][361]LogModuleManager: Shutting down and abandoning module SlateReflector (93)
[2015.10.02-22.16.38:910][361]LogModuleManager: Shutting down and abandoning module HotReload (92)
[2015.10.02-22.16.38:910][361]LogModuleManager: Shutting down and abandoning module MainFrame (91)
[2015.10.02-22.16.38:910][361]LogModuleManager: Shutting down and abandoning module LevelEditor (90)
[2015.10.02-22.16.38:971][361]LogModuleManager: Shutting down and abandoning module DirectoryWatcher (89)
[2015.10.02-22.16.38:978][361]LogModuleManager: Shutting down and abandoning module AssetRegistry (88)
[2015.10.02-22.16.39:147][361]LogModuleManager: Shutting down and abandoning module ContentBrowser (87)
[2015.10.02-22.16.39:148][361]LogModuleManager: Shutting down and abandoning module Paper2DEditor (86)
[2015.10.02-22.16.39:175][361]LogModuleManager: Shutting down and abandoning module UdpMessaging (85)
[2015.10.02-22.16.39:276][361]LogModuleManager: Shutting down and abandoning module LightPropagationVolumeRuntime (84)
[2015.10.02-22.16.39:276][361]LogModuleManager: Shutting down and abandoning module Paper2D (83)
[2015.10.02-22.16.39:276][361]LogModuleManager: Shutting down and abandoning module WindowsMoviePlayer (82)
[2015.10.02-22.16.39:282][361]LogModuleManager: Shutting down and abandoning module Media (81)
[2015.10.02-22.16.39:282][361]LogModuleManager: Shutting down and abandoning module WmfMedia (80)
[2015.10.02-22.16.39:282][361]LogModuleManager: Shutting down and abandoning module OnlineBlueprintSupport (79)
[2015.10.02-22.16.39:282][361]LogModuleManager: Shutting down and abandoning module GameplayTasksEditor (78)
[2015.10.02-22.16.39:283][361]LogModuleManager: Shutting down and abandoning module PropertyEditor (77)
[2015.10.02-22.16.39:283][361]LogModuleManager: Shutting down and abandoning module BehaviorTreeEditor (76)
[2015.10.02-22.16.39:292][361]LogModuleManager: Shutting down and abandoning module FunctionalTesting (75)
[2015.10.02-22.16.39:292][361]LogModuleManager: Shutting down and abandoning module CollisionAnalyzer (74)
[2015.10.02-22.16.39:293][361]LogModuleManager: Shutting down and abandoning module WorkspaceMenuStructure (73)
[2015.10.02-22.16.39:293][361]LogModuleManager: Shutting down and abandoning module MessageLog (72)
[2015.10.02-22.16.39:293][361]LogModuleManager: Shutting down and abandoning module Sequencer (71)
[2015.10.02-22.16.39:317][361]LogModuleManager: Shutting down and abandoning module AssetTools (70)
[2015.10.02-22.16.39:351][361]LogModuleManager: Shutting down and abandoning module UMGEditor (69)
[2015.10.02-22.16.39:361][361]LogModuleManager: Shutting down and abandoning module UMG (68)
[2015.10.02-22.16.39:361][361]LogModuleManager: Shutting down and abandoning module Slate (67)
[2015.10.02-22.16.39:362][361]LogModuleManager: Shutting down and abandoning module EditorStyle (66)
[2015.10.02-22.16.39:368][361]LogModuleManager: Shutting down and abandoning module SessionServices (65)
[2015.10.02-22.16.39:369][361]LogModuleManager: Shutting down and abandoning module SourceCodeAccess (64)
[2015.10.02-22.16.39:369][361]LogModuleManager: Shutting down and abandoning module HeadMountedDisplay (63)
[2015.10.02-22.16.39:369][361]LogModuleManager: Shutting down and abandoning module XAudio2 (62)
[2015.10.02-22.16.39:369][361]LogModuleManager: Shutting down and abandoning module Networking (60)
[2015.10.02-22.16.39:369][361]LogModuleManager: Shutting down and abandoning module Core (59)
[2015.10.02-22.16.39:369][361]LogModuleManager: Shutting down and abandoning module KismetCompiler (58)
[2015.10.02-22.16.39:369][361]LogModuleManager: Shutting down and abandoning module PhysXFormats (57)
[2015.10.02-22.16.39:369][361]LogModuleManager: Shutting down and abandoning module MeshUtilities (56)
[2015.10.02-22.16.39:382][361]LogModuleManager: Shutting down and abandoning module CookingStats (55)
[2015.10.02-22.16.39:384][361]LogModuleManager: Shutting down and abandoning module DerivedDataCache (54)
[2015.10.02-22.16.39:408][361]LogDerivedDataCache: Shutdown
[2015.10.02-22.16.39:408][361]LogModuleManager: Shutting down and abandoning module ShaderFormatOpenGL (53)
[2015.10.02-22.16.39:428][361]LogModuleManager: Shutting down and abandoning module ShaderFormatD3D (52)
[2015.10.02-22.16.39:428][361]LogModuleManager: Shutting down and abandoning module MetalShaderFormat (51)
[2015.10.02-22.16.39:466][361]LogModuleManager: Shutting down and abandoning module TextureFormatUncompressed (50)
[2015.10.02-22.16.39:466][361]LogModuleManager: Shutting down and abandoning module TextureFormatPVR (49)
[2015.10.02-22.16.39:466][361]LogModuleManager: Shutting down and abandoning module TextureFormatIntelISPCTexComp (48)
[2015.10.02-22.16.39:466][361]LogModuleManager: Shutting down and abandoning module TextureFormatDXT (47)
[2015.10.02-22.16.39:466][361]LogModuleManager: Shutting down and abandoning module ImageWrapper (46)
[2015.10.02-22.16.39:466][361]LogModuleManager: Shutting down and abandoning module TextureFormatASTC (45)
[2015.10.02-22.16.39:466][361]LogModuleManager: Shutting down and abandoning module TextureFormatAndroid (44)
[2015.10.02-22.16.39:466][361]LogModuleManager: Shutting down and abandoning module AudioFormatOpus (43)
[2015.10.02-22.16.39:466][361]LogModuleManager: Shutting down and abandoning module AudioFormatOgg (42)
[2015.10.02-22.16.39:466][361]LogModuleManager: Shutting down and abandoning module AudioFormatADPCM (41)
[2015.10.02-22.16.39:466][361]LogModuleManager: Shutting down and abandoning module LinuxTargetPlatform (40)
[2015.10.02-22.16.39:466][361]LogModuleManager: Shutting down and abandoning module LinuxServerTargetPlatform (39)
[2015.10.02-22.16.39:466][361]LogModuleManager: Shutting down and abandoning module LinuxNoEditorTargetPlatform (38)
[2015.10.02-22.16.39:466][361]LogModuleManager: Shutting down and abandoning module Messaging (37)
[2015.10.02-22.16.39:466][361]LogModuleManager: Shutting down and abandoning module IOSTargetPlatform (36)
[2015.10.02-22.16.39:466][361]LogModuleManager: Shutting down and abandoning module HTML5TargetPlatform (35)
[2015.10.02-22.16.39:466][361]LogModuleManager: Shutting down and abandoning module Android_PVRTCTargetPlatform (34)
[2015.10.02-22.16.39:505][361]LogModuleManager: Shutting down and abandoning module Android_ETC2TargetPlatform (33)
[2015.10.02-22.16.39:548][361]LogModuleManager: Shutting down and abandoning module Android_ETC1TargetPlatform (32)
[2015.10.02-22.16.39:579][361]LogModuleManager: Shutting down and abandoning module Android_DXTTargetPlatform (31)
[2015.10.02-22.16.39:658][361]LogModuleManager: Shutting down and abandoning module Android_ATCTargetPlatform (30)
[2015.10.02-22.16.39:670][361]LogModuleManager: Shutting down and abandoning module Android_ASTCTargetPlatform (29)
[2015.10.02-22.16.39:671][361]LogModuleManager: Shutting down and abandoning module AndroidTargetPlatform (28)
[2015.10.02-22.16.39:698][361]LogModuleManager: Shutting down and abandoning module WindowsTargetPlatform (27)
[2015.10.02-22.16.39:698][361]LogModuleManager: Shutting down and abandoning module WindowsServerTargetPlatform (26)
[2015.10.02-22.16.39:698][361]LogModuleManager: Shutting down and abandoning module WindowsNoEditorTargetPlatform (25)
[2015.10.02-22.16.39:698][361]LogModuleManager: Shutting down and abandoning module WindowsClientTargetPlatform (24)
[2015.10.02-22.16.39:698][361]LogModuleManager: Shutting down and abandoning module AllDesktopTargetPlatform (23)
[2015.10.02-22.16.39:699][361]LogModuleManager: Shutting down and abandoning module TargetPlatform (22)
[2015.10.02-22.16.39:699][361]LogModuleManager: Shutting down and abandoning module InputCore (21)
[2015.10.02-22.16.39:699][361]LogModuleManager: Shutting down and abandoning module Settings (20)
[2015.10.02-22.16.39:700][361]LogModuleManager: Shutting down and abandoning module OnlineSubsystem (18)
[2015.10.02-22.16.39:700][361]LogModuleManager: Shutting down and abandoning module HTTP (17)
[2015.10.02-22.16.43:706][361]LogModuleManager: Shutting down and abandoning module XMPP (16)
[2015.10.02-22.16.43:849][361]LogModuleManager: Shutting down and abandoning module ExampleDeviceProfileSelector (15)
[2015.10.02-22.16.43:849][361]LogModuleManager: Shutting down and abandoning module TextureCompressor (14)
[2015.10.02-22.16.43:864][361]LogModuleManager: Shutting down and abandoning module ShaderCore (13)
[2015.10.02-22.16.43:864][361]LogModuleManager: Shutting down and abandoning module Landscape (12)
[2015.10.02-22.16.43:864][361]LogModuleManager: Shutting down and abandoning module SlateRHIRenderer (11)
[2015.10.02-22.16.43:870][361]LogModuleManager: Shutting down and abandoning module OpenGLDrv (10)
[2015.10.02-22.16.43:894][361]LogModuleManager: Shutting down and abandoning module D3D11RHI (9)
[2015.10.02-22.16.43:894][361]LogModuleManager: Shutting down and abandoning module AnimGraphRuntime (8)
[2015.10.02-22.16.43:894][361]LogModuleManager: Shutting down and abandoning module Renderer (7)
[2015.10.02-22.16.43:894][361]LogModuleManager: Shutting down and abandoning module Engine (6)
[2015.10.02-22.16.43:894][361]LogModuleManager: Shutting down and abandoning module CoreUObject (5)
[2015.10.02-22.16.43:894][361]LogModuleManager: Shutting down and abandoning module NetworkFile (4)
[2015.10.02-22.16.43:908][361]LogModuleManager: Shutting down and abandoning module StreamingFile (3)
[2015.10.02-22.16.43:908][361]LogModuleManager: Shutting down and abandoning module SandboxFile (2)
[2015.10.02-22.16.43:908][361]LogModuleManager: Shutting down and abandoning module PakFile (1)
[2015.10.02-22.16.43:950][361]LogExit: Exiting.
[2015.10.02-22.16.43:954][361]Log file closed, 10/02/15 17:16:43
